Log file open, 11/03/19 14:53:19
LogWindows: Failed to load 'aqProf.dll' (GetLastError=126)
LogWindows: File 'aqProf.dll' does not exist
LogWindows: Failed to load 'VtuneApi.dll' (GetLastError=126)
LogWindows: File 'VtuneApi.dll' does not exist
LogWindows: Failed to load 'VtuneApi32e.dll' (GetLastError=126)
LogWindows: File 'VtuneApi32e.dll' does not exist
LogConsoleResponse: Display: Failed to find resolution value strings in scalability ini. Falling back to default.
LogInit: Display: Running engine for game: FIT3040
LogPakFile: Registered encryption key '00000000000000000000000000000000': 0 pak files mounted, 0 remain pending
LogPlatformFile: Not using cached read wrapper
LogTaskGraph: Started task graph with 5 named threads and 23 total threads with 3 sets of task threads.
LogStats: Stats thread started at 0.259872
LogD3D11RHI: Loaded GFSDK_Aftermath_Lib.x64.dll
LogICUInternationalization: ICU TimeZone Detection - Raw Offset: +10:00, Platform Override: ''
LogPluginManager: Mounting plugin Paper2D
LogPluginManager: Mounting plugin AISupport
LogPluginManager: Mounting plugin LightPropagationVolume
LogPluginManager: Mounting plugin ActorLayerUtilities
LogPluginManager: Mounting plugin AnimationSharing
LogPluginManager: Mounting plugin CLionSourceCodeAccess
LogPluginManager: Mounting plugin CodeLiteSourceCodeAccess
LogPluginManager: Mounting plugin GitSourceControl
LogPluginManager: Mounting plugin KDevelopSourceCodeAccess
LogPluginManager: Mounting plugin NullSourceCodeAccess
LogPluginManager: Mounting plugin PerforceSourceControl
LogPluginManager: Mounting plugin SubversionSourceControl
LogPluginManager: Mounting plugin UObjectPlugin
LogPluginManager: Mounting plugin VisualStudioCodeSourceCodeAccess
LogPluginManager: Mounting plugin VisualStudioSourceCodeAccess
LogPluginManager: Mounting plugin XCodeSourceCodeAccess
LogPluginManager: Mounting plugin AssetManagerEditor
LogPluginManager: Mounting plugin CryptoKeys
LogPluginManager: Mounting plugin DataValidation
LogPluginManager: Mounting plugin FacialAnimation
LogPluginManager: Mounting plugin GameplayTagsEditor
LogPluginManager: Mounting plugin MacGraphicsSwitching
LogPluginManager: Mounting plugin MaterialAnalyzer
LogPluginManager: Mounting plugin MobileLauncherProfileWizard
LogPluginManager: Mounting plugin PluginBrowser
LogPluginManager: Mounting plugin SpeedTreeImporter
LogPluginManager: Mounting plugin DatasmithContent
LogPluginManager: Mounting plugin VariantManagerContent
LogPluginManager: Mounting plugin AlembicImporter
LogPluginManager: Mounting plugin AppleImageUtils
LogPluginManager: Mounting plugin AppleVision
LogPluginManager: Mounting plugin BackChannel
LogPluginManager: Mounting plugin CharacterAI
LogPluginManager: Mounting plugin GeometryCache
LogPluginManager: Mounting plugin HTML5Networking
LogPluginManager: Mounting plugin ProxyLODPlugin
LogPluginManager: Mounting plugin SkeletalReduction
LogPluginManager: Mounting plugin MagicLeap
LogPluginManager: Mounting plugin MagicLeapMedia
LogPluginManager: Mounting plugin AndroidMedia
LogPluginManager: Mounting plugin AvfMedia
LogPluginManager: Mounting plugin ImgMedia
LogPluginManager: Mounting plugin LinearTimecode
LogPluginManager: Mounting plugin MediaCompositing
LogPluginManager: Mounting plugin MediaPlayerEditor
LogPluginManager: Mounting plugin WebMMedia
LogPluginManager: Mounting plugin WmfMedia
LogPluginManager: Mounting plugin TcpMessaging
LogPluginManager: Mounting plugin UdpMessaging
LogPluginManager: Mounting plugin ActorSequence
LogPluginManager: Mounting plugin LevelSequenceEditor
LogPluginManager: Mounting plugin MatineeToLevelSequence
LogPluginManager: Mounting plugin NetcodeUnitTest
LogPluginManager: Mounting plugin NUTUnrealEngine4
LogPluginManager: Mounting plugin OnlineSubsystemGooglePlay
LogPluginManager: Mounting plugin OnlineSubsystemIOS
LogPluginManager: Mounting plugin OnlineSubsystem
LogPluginManager: Mounting plugin OnlineSubsystemNull
LogPluginManager: Mounting plugin OnlineSubsystemUtils
LogPluginManager: Mounting plugin LauncherChunkInstaller
LogPluginManager: Mounting plugin AndroidDeviceProfileSelector
LogPluginManager: Mounting plugin AndroidMoviePlayer
LogPluginManager: Mounting plugin AndroidPermission
LogPluginManager: Mounting plugin AppleMoviePlayer
LogPluginManager: Mounting plugin ArchVisCharacter
LogPluginManager: Mounting plugin AudioCapture
LogPluginManager: Mounting plugin CableComponent
LogPluginManager: Mounting plugin CustomMeshComponent
LogPluginManager: Mounting plugin EditableMesh
LogPluginManager: Mounting plugin ExampleDeviceProfileSelector
LogPluginManager: Mounting plugin Firebase
LogPluginManager: Mounting plugin GoogleCloudMessaging
LogPluginManager: Mounting plugin IOSDeviceProfileSelector
LogPluginManager: Mounting plugin LinuxDeviceProfileSelector
LogPluginManager: Mounting plugin LocationServicesBPLibrary
LogPluginManager: Mounting plugin MobilePatchingUtils
LogPluginManager: Mounting plugin OculusVR
LogPluginManager: Mounting plugin PhysXVehicles
LogPluginManager: Mounting plugin ProceduralMeshComponent
LogPluginManager: Mounting plugin RuntimePhysXCooking
LogPluginManager: Mounting plugin SignificanceManager
LogPluginManager: Mounting plugin SteamVR
LogPluginManager: Mounting plugin WebMMoviePlayer
LogPluginManager: Mounting plugin WindowsMoviePlayer
LogInit: Using libcurl 7.55.1-DEV
LogInit:  - built for x86_64-pc-win32
LogInit:  - supports SSL with OpenSSL/1.1.1
LogInit:  - supports HTTP deflate (compression) using libz 1.2.8
LogInit:  - other features:
LogInit:      CURL_VERSION_SSL
LogInit:      CURL_VERSION_LIBZ
LogInit:      CURL_VERSION_IPV6
LogInit:      CURL_VERSION_ASYNCHDNS
LogInit:      CURL_VERSION_LARGEFILE
LogInit:      CURL_VERSION_IDN
LogInit:  CurlRequestOptions (configurable via config and command line):
LogInit:  - bVerifyPeer = true  - Libcurl will verify peer certificate
LogInit:  - bUseHttpProxy = false  - Libcurl will NOT use HTTP proxy
LogInit:  - bDontReuseConnections = false  - Libcurl will reuse connections
LogInit:  - MaxHostConnections = 16  - Libcurl will limit the number of connections to a host
LogInit:  - LocalHostAddr = Default
LogInit:  - BufferSize = 65536
LogInit: WinSock: version 1.1 (2.2), MaxSocks=32767, MaxUdp=65467
LogInit: Build: ++UE4+Release-4.22-CL-7053642
LogInit: Engine Version: 4.22.3-7053642+++UE4+Release-4.22
LogInit: Compatible Engine Version: 4.22.0-5660361+++UE4+Release-4.22
LogInit: Net CL: 5660361
LogInit: OS: Windows 10 (Release 1809) (), CPU: Intel(R) Core(TM) i7-6700K CPU @ 4.00GHz, GPU: NVIDIA GeForce GTX TITAN X
LogInit: Compiled (64-bit): Jun 18 2019 03:09:11
LogInit: Compiled with Visual C++: 19.16.27025.01
LogInit: Build Configuration: Development
LogInit: Branch Name: ++UE4+Release-4.22
LogInit: Command Line: 
LogInit: Base Directory: f:/Program Files/Epic Games/UE_4.22/Engine/Binaries/Win64/
LogInit: Installed Engine Build: 1
LogDevObjectVersion: Number of dev versions registered: 23
LogDevObjectVersion:   Dev-Blueprints (B0D832E4-1F89-4F0D-ACCF-7EB736FD4AA2): 10
LogDevObjectVersion:   Dev-Build (E1C64328-A22C-4D53-A36C-8E866417BD8C): 0
LogDevObjectVersion:   Dev-Core (375EC13C-06E4-48FB-B500-84F0262A717E): 3
LogDevObjectVersion:   Dev-Editor (E4B068ED-F494-42E9-A231-DA0B2E46BB41): 30
LogDevObjectVersion:   Dev-Framework (CFFC743F-43B0-4480-9391-14DF171D2073): 35
LogDevObjectVersion:   Dev-Mobile (B02B49B5-BB20-44E9-A304-32B752E40360): 2
LogDevObjectVersion:   Dev-Networking (A4E4105C-59A1-49B5-A7C5-40C4547EDFEE): 0
LogDevObjectVersion:   Dev-Online (39C831C9-5AE6-47DC-9A44-9C173E1C8E7C): 0
LogDevObjectVersion:   Dev-Physics (78F01B33-EBEA-4F98-B9B4-84EACCB95AA2): 0
LogDevObjectVersion:   Dev-Platform (6631380F-2D4D-43E0-8009-CF276956A95A): 0
LogDevObjectVersion:   Dev-Rendering (12F88B9F-8875-4AFC-A67C-D90C383ABD29): 28
LogDevObjectVersion:   Dev-Sequencer (7B5AE74C-D270-4C10-A958-57980B212A5A): 11
LogDevObjectVersion:   Dev-VR (D7296918-1DD6-4BDD-9DE2-64A83CC13884): 2
LogDevObjectVersion:   Dev-LoadTimes (C2A15278-BFE7-4AFE-6C17-90FF531DF755): 1
LogDevObjectVersion:   Private-Geometry (6EACA3D4-40EC-4CC1-B786-8BED09428FC5): 3
LogDevObjectVersion:   Dev-AnimPhys (29E575DD-E0A3-4627-9D10-D276232CDCEA): 17
LogDevObjectVersion:   Dev-Anim (AF43A65D-7FD3-4947-9873-3E8ED9C1BB05): 2
LogDevObjectVersion:   Dev-ReflectionCapture (6B266CEC-1EC7-4B8F-A30B-E4D90942FC07): 1
LogDevObjectVersion:   Dev-Automation (0DF73D61-A23F-47EA-B727-89E90C41499A): 1
LogDevObjectVersion:   FortniteMain (601D1886-AC64-4F84-AA16-D3DE0DEAC7D6): 25
LogDevObjectVersion:   Dev-Enterprise (9DFFBCD6-494F-0158-E221-12823C92A888): 6
LogDevObjectVersion:   Dev-Niagara (F2AED0AC-9AFE-416F-8664-AA7FFA26D6FC): 1
LogDevObjectVersion:   Dev-Destruction (174F1F0B-B4C6-45A5-B13F-2EE8D0FB917D): 2
LogInit: Presizing for max 16777216 objects, including 0 objects not considered by GC, pre-allocating 0 bytes for permanent pool.
LogInit: Object subsystem initialized
LogConfig: Setting CVar [[con.DebugEarlyDefault:1]]
LogConfig: Setting CVar [[r.setres:1280x720]]
[2019.11.03-03.53.19:328][  0]LogConfig: Setting CVar [[r.VSync:0]]
[2019.11.03-03.53.19:329][  0]LogConfig: Setting CVar [[r.RHICmdBypass:0]]
[2019.11.03-03.53.19:329][  0]LogConfig: Applying CVar settings from Section [/Script/Engine.RendererSettings] File [C:/Users/ASUS Z170-k/Documents/GitHub/FIT3040/FIT3040/Saved/Config/Windows/Engine.ini]
[2019.11.03-03.53.19:329][  0]LogConfig: Setting CVar [[r.GPUCrashDebugging:0]]
[2019.11.03-03.53.19:329][  0]LogConfig: Applying CVar settings from Section [/Script/Engine.RendererOverrideSettings] File [C:/Users/ASUS Z170-k/Documents/GitHub/FIT3040/FIT3040/Saved/Config/Windows/Engine.ini]
[2019.11.03-03.53.19:329][  0]LogConfig: Applying CVar settings from Section [/Script/Engine.StreamingSettings] File [C:/Users/ASUS Z170-k/Documents/GitHub/FIT3040/FIT3040/Saved/Config/Windows/Engine.ini]
[2019.11.03-03.53.19:329][  0]LogConfig: Setting CVar [[s.MinBulkDataSizeForAsyncLoading:131072]]
[2019.11.03-03.53.19:329][  0]LogConfig: Setting CVar [[s.AsyncLoadingThreadEnabled:0]]
[2019.11.03-03.53.19:329][  0]LogConfig: Setting CVar [[s.EventDrivenLoaderEnabled:1]]
[2019.11.03-03.53.19:329][  0]LogConfig: Setting CVar [[s.WarnIfTimeLimitExceeded:0]]
[2019.11.03-03.53.19:329][  0]LogConfig: Setting CVar [[s.TimeLimitExceededMultiplier:1.5]]
[2019.11.03-03.53.19:329][  0]LogConfig: Setting CVar [[s.TimeLimitExceededMinTime:0.005]]
[2019.11.03-03.53.19:329][  0]LogConfig: Setting CVar [[s.UseBackgroundLevelStreaming:1]]
[2019.11.03-03.53.19:329][  0]LogConfig: Setting CVar [[s.PriorityAsyncLoadingExtraTime:15.0]]
[2019.11.03-03.53.19:329][  0]LogConfig: Setting CVar [[s.LevelStreamingActorsUpdateTimeLimit:5.0]]
[2019.11.03-03.53.19:329][  0]LogConfig: Setting CVar [[s.PriorityLevelStreamingActorsUpdateExtraTime:5.0]]
[2019.11.03-03.53.19:329][  0]LogConfig: Setting CVar [[s.LevelStreamingComponentsRegistrationGranularity:10]]
[2019.11.03-03.53.19:329][  0]LogConfig: Setting CVar [[s.UnregisterComponentsTimeLimit:1.0]]
[2019.11.03-03.53.19:329][  0]LogConfig: Setting CVar [[s.LevelStreamingComponentsUnregistrationGranularity:5]]
[2019.11.03-03.53.19:329][  0]LogConfig: Applying CVar settings from Section [/Script/Engine.GarbageCollectionSettings] File [C:/Users/ASUS Z170-k/Documents/GitHub/FIT3040/FIT3040/Saved/Config/Windows/Engine.ini]
[2019.11.03-03.53.19:329][  0]LogConfig: Setting CVar [[gc.MaxObjectsNotConsideredByGC:1]]
[2019.11.03-03.53.19:329][  0]LogConfig: Setting CVar [[gc.SizeOfPermanentObjectPool:0]]
[2019.11.03-03.53.19:329][  0]LogConfig: Setting CVar [[gc.FlushStreamingOnGC:0]]
[2019.11.03-03.53.19:329][  0]LogConfig: Setting CVar [[gc.NumRetriesBeforeForcingGC:10]]
[2019.11.03-03.53.19:329][  0]LogConfig: Setting CVar [[gc.AllowParallelGC:1]]
[2019.11.03-03.53.19:329][  0]LogConfig: Setting CVar [[gc.TimeBetweenPurgingPendingKillObjects:61.1]]
[2019.11.03-03.53.19:329][  0]LogConfig: Setting CVar [[gc.MaxObjectsInEditor:16777216]]
[2019.11.03-03.53.19:329][  0]LogConfig: Setting CVar [[gc.IncrementalBeginDestroyEnabled:1]]
[2019.11.03-03.53.19:329][  0]LogConfig: Setting CVar [[gc.CreateGCClusters:1]]
[2019.11.03-03.53.19:329][  0]LogConfig: Setting CVar [[gc.MinGCClusterSize:5]]
[2019.11.03-03.53.19:329][  0]LogConfig: Setting CVar [[gc.ActorClusteringEnabled:0]]
[2019.11.03-03.53.19:329][  0]LogConfig: Setting CVar [[gc.BlueprintClusteringEnabled:0]]
[2019.11.03-03.53.19:329][  0]LogConfig: Setting CVar [[gc.UseDisregardForGCOnDedicatedServers:0]]
[2019.11.03-03.53.19:329][  0]LogConfig: Applying CVar settings from Section [/Script/Engine.NetworkSettings] File [C:/Users/ASUS Z170-k/Documents/GitHub/FIT3040/FIT3040/Saved/Config/Windows/Engine.ini]
[2019.11.03-03.53.19:329][  0]LogConfig: Applying CVar settings from Section [/Script/UnrealEd.CookerSettings] File [C:/Users/ASUS Z170-k/Documents/GitHub/FIT3040/FIT3040/Saved/Config/Windows/Engine.ini]
[2019.11.03-03.53.19:335][  0]LogConfig: Applying CVar settings from Section [ViewDistanceQuality@3] File [C:/Users/ASUS Z170-k/Documents/GitHub/FIT3040/FIT3040/Saved/Config/Windows/Scalability.ini]
[2019.11.03-03.53.19:335][  0]LogConfig: Setting CVar [[r.SkeletalMeshLODBias:0]]
[2019.11.03-03.53.19:335][  0]LogConfig: Setting CVar [[r.ViewDistanceScale:1.0]]
[2019.11.03-03.53.19:335][  0]LogConfig: Applying CVar settings from Section [AntiAliasingQuality@3] File [C:/Users/ASUS Z170-k/Documents/GitHub/FIT3040/FIT3040/Saved/Config/Windows/Scalability.ini]
[2019.11.03-03.53.19:336][  0]LogConfig: Setting CVar [[r.PostProcessAAQuality:4]]
[2019.11.03-03.53.19:336][  0]LogConfig: Applying CVar settings from Section [ShadowQuality@3] File [C:/Users/ASUS Z170-k/Documents/GitHub/FIT3040/FIT3040/Saved/Config/Windows/Scalability.ini]
[2019.11.03-03.53.19:336][  0]LogConfig: Setting CVar [[r.LightFunctionQuality:1]]
[2019.11.03-03.53.19:336][  0]LogConfig: Setting CVar [[r.ShadowQuality:5]]
[2019.11.03-03.53.19:336][  0]LogConfig: Setting CVar [[r.Shadow.CSM.MaxCascades:10]]
[2019.11.03-03.53.19:336][  0]LogConfig: Setting CVar [[r.Shadow.MaxResolution:2048]]
[2019.11.03-03.53.19:336][  0]LogConfig: Setting CVar [[r.Shadow.MaxCSMResolution:2048]]
[2019.11.03-03.53.19:336][  0]LogConfig: Setting CVar [[r.Shadow.RadiusThreshold:0.01]]
[2019.11.03-03.53.19:336][  0]LogConfig: Setting CVar [[r.Shadow.DistanceScale:1.0]]
[2019.11.03-03.53.19:336][  0]LogConfig: Setting CVar [[r.Shadow.CSM.TransitionScale:1.0]]
[2019.11.03-03.53.19:336][  0]LogConfig: Setting CVar [[r.Shadow.PreShadowResolutionFactor:1.0]]
[2019.11.03-03.53.19:336][  0]LogConfig: Setting CVar [[r.DistanceFieldShadowing:1]]
[2019.11.03-03.53.19:336][  0]LogConfig: Setting CVar [[r.DistanceFieldAO:1]]
[2019.11.03-03.53.19:336][  0]LogConfig: Setting CVar [[r.AOQuality:2]]
[2019.11.03-03.53.19:336][  0]LogConfig: Setting CVar [[r.VolumetricFog:1]]
[2019.11.03-03.53.19:336][  0]LogConfig: Setting CVar [[r.VolumetricFog.GridPixelSize:8]]
[2019.11.03-03.53.19:336][  0]LogConfig: Setting CVar [[r.VolumetricFog.GridSizeZ:128]]
[2019.11.03-03.53.19:336][  0]LogConfig: Setting CVar [[r.VolumetricFog.HistoryMissSupersampleCount:4]]
[2019.11.03-03.53.19:336][  0]LogConfig: Setting CVar [[r.LightMaxDrawDistanceScale:1]]
[2019.11.03-03.53.19:336][  0]LogConfig: Setting CVar [[r.CapsuleShadows:1]]
[2019.11.03-03.53.19:336][  0]LogConfig: Applying CVar settings from Section [PostProcessQuality@3] File [C:/Users/ASUS Z170-k/Documents/GitHub/FIT3040/FIT3040/Saved/Config/Windows/Scalability.ini]
[2019.11.03-03.53.19:336][  0]LogConfig: Setting CVar [[r.MotionBlurQuality:4]]
[2019.11.03-03.53.19:336][  0]LogConfig: Setting CVar [[r.AmbientOcclusionMipLevelFactor:0.4]]
[2019.11.03-03.53.19:336][  0]LogConfig: Setting CVar [[r.AmbientOcclusionMaxQuality:100]]
[2019.11.03-03.53.19:336][  0]LogConfig: Setting CVar [[r.AmbientOcclusionLevels:-1]]
[2019.11.03-03.53.19:336][  0]LogConfig: Setting CVar [[r.AmbientOcclusionRadiusScale:1.0]]
[2019.11.03-03.53.19:336][  0]LogConfig: Setting CVar [[r.DepthOfFieldQuality:2]]
[2019.11.03-03.53.19:336][  0]LogConfig: Setting CVar [[r.RenderTargetPoolMin:400]]
[2019.11.03-03.53.19:336][  0]LogConfig: Setting CVar [[r.LensFlareQuality:2]]
[2019.11.03-03.53.19:336][  0]LogConfig: Setting CVar [[r.SceneColorFringeQuality:1]]
[2019.11.03-03.53.19:336][  0]LogConfig: Setting CVar [[r.EyeAdaptationQuality:2]]
[2019.11.03-03.53.19:336][  0]LogConfig: Setting CVar [[r.BloomQuality:5]]
[2019.11.03-03.53.19:336][  0]LogConfig: Setting CVar [[r.FastBlurThreshold:100]]
[2019.11.03-03.53.19:336][  0]LogConfig: Setting CVar [[r.Upscale.Quality:3]]
[2019.11.03-03.53.19:336][  0]LogConfig: Setting CVar [[r.Tonemapper.GrainQuantization:1]]
[2019.11.03-03.53.19:336][  0]LogConfig: Setting CVar [[r.LightShaftQuality:1]]
[2019.11.03-03.53.19:336][  0]LogConfig: Setting CVar [[r.Filter.SizeScale:1]]
[2019.11.03-03.53.19:336][  0]LogConfig: Setting CVar [[r.Tonemapper.Quality:5]]
[2019.11.03-03.53.19:336][  0]LogConfig: Setting CVar [[r.DOF.Gather.AccumulatorQuality:1        ; higher gathering accumulator quality]]
[2019.11.03-03.53.19:336][  0]LogConfig: Setting CVar [[r.DOF.Gather.PostfilterMethod:1          ; Median3x3 postfilering method]]
[2019.11.03-03.53.19:336][  0]LogConfig: Setting CVar [[r.DOF.Gather.EnableBokehSettings:0       ; no bokeh simulation when gathering]]
[2019.11.03-03.53.19:336][  0]LogConfig: Setting CVar [[r.DOF.Gather.RingCount:4                 ; medium number of samples when gathering]]
[2019.11.03-03.53.19:336][  0]LogConfig: Setting CVar [[r.DOF.Scatter.ForegroundCompositing:1    ; additive foreground scattering]]
[2019.11.03-03.53.19:336][  0]LogConfig: Setting CVar [[r.DOF.Scatter.BackgroundCompositing:2    ; additive background scattering]]
[2019.11.03-03.53.19:336][  0]LogConfig: Setting CVar [[r.DOF.Scatter.EnableBokehSettings:1      ; bokeh simulation when scattering]]
[2019.11.03-03.53.19:336][  0]LogConfig: Setting CVar [[r.DOF.Scatter.MaxSpriteRatio:0.1         ; only a maximum of 10% of scattered bokeh]]
[2019.11.03-03.53.19:336][  0]LogConfig: Setting CVar [[r.DOF.Recombine.Quality:1                ; cheap slight out of focus]]
[2019.11.03-03.53.19:336][  0]LogConfig: Setting CVar [[r.DOF.Recombine.EnableBokehSettings:0    ; no bokeh simulation on slight out of focus]]
[2019.11.03-03.53.19:336][  0]LogConfig: Setting CVar [[r.DOF.TemporalAAQuality:1                ; more stable temporal accumulation]]
[2019.11.03-03.53.19:336][  0]LogConfig: Setting CVar [[r.DOF.Kernel.MaxForegroundRadius:0.025]]
[2019.11.03-03.53.19:336][  0]LogConfig: Setting CVar [[r.DOF.Kernel.MaxBackgroundRadius:0.025]]
[2019.11.03-03.53.19:336][  0]LogConfig: Applying CVar settings from Section [TextureQuality@3] File [C:/Users/ASUS Z170-k/Documents/GitHub/FIT3040/FIT3040/Saved/Config/Windows/Scalability.ini]
[2019.11.03-03.53.19:336][  0]LogConfig: Setting CVar [[r.Streaming.MipBias:0]]
[2019.11.03-03.53.19:336][  0]LogConfig: Setting CVar [[r.Streaming.AmortizeCPUToGPUCopy:0]]
[2019.11.03-03.53.19:336][  0]LogConfig: Setting CVar [[r.Streaming.MaxNumTexturesToStreamPerFrame:0]]
[2019.11.03-03.53.19:336][  0]LogConfig: Setting CVar [[r.Streaming.Boost:1]]
[2019.11.03-03.53.19:336][  0]LogConfig: Setting CVar [[r.MaxAnisotropy:8]]
[2019.11.03-03.53.19:336][  0]LogConfig: Setting CVar [[r.Streaming.LimitPoolSizeToVRAM:0]]
[2019.11.03-03.53.19:336][  0]LogConfig: Setting CVar [[r.Streaming.PoolSize:1000]]
[2019.11.03-03.53.19:336][  0]LogConfig: Setting CVar [[r.Streaming.MaxEffectiveScreenSize:0]]
[2019.11.03-03.53.19:336][  0]LogConfig: Applying CVar settings from Section [EffectsQuality@3] File [C:/Users/ASUS Z170-k/Documents/GitHub/FIT3040/FIT3040/Saved/Config/Windows/Scalability.ini]
[2019.11.03-03.53.19:336][  0]LogConfig: Setting CVar [[r.TranslucencyLightingVolumeDim:64]]
[2019.11.03-03.53.19:336][  0]LogConfig: Setting CVar [[r.RefractionQuality:2]]
[2019.11.03-03.53.19:336][  0]LogConfig: Setting CVar [[r.SSR.Quality:3]]
[2019.11.03-03.53.19:336][  0]LogConfig: Setting CVar [[r.SceneColorFormat:4]]
[2019.11.03-03.53.19:336][  0]LogConfig: Setting CVar [[r.DetailMode:2]]
[2019.11.03-03.53.19:336][  0]LogConfig: Setting CVar [[r.TranslucencyVolumeBlur:1]]
[2019.11.03-03.53.19:336][  0]LogConfig: Setting CVar [[r.MaterialQualityLevel:1 ; High quality]]
[2019.11.03-03.53.19:336][  0]LogConfig: Setting CVar [[r.SSS.Scale:1]]
[2019.11.03-03.53.19:336][  0]LogConfig: Setting CVar [[r.SSS.SampleSet:2]]
[2019.11.03-03.53.19:336][  0]LogConfig: Setting CVar [[r.SSS.Quality:1]]
[2019.11.03-03.53.19:336][  0]LogConfig: Setting CVar [[r.SSS.HalfRes:1]]
[2019.11.03-03.53.19:336][  0]LogConfig: Setting CVar [[r.EmitterSpawnRateScale:1.0]]
[2019.11.03-03.53.19:336][  0]LogConfig: Setting CVar [[r.ParticleLightQuality:2]]
[2019.11.03-03.53.19:336][  0]LogConfig: Applying CVar settings from Section [FoliageQuality@3] File [C:/Users/ASUS Z170-k/Documents/GitHub/FIT3040/FIT3040/Saved/Config/Windows/Scalability.ini]
[2019.11.03-03.53.19:336][  0]LogConfig: Setting CVar [[foliage.DensityScale:1.0]]
[2019.11.03-03.53.19:336][  0]LogConfig: Setting CVar [[grass.DensityScale:1.0]]
[2019.11.03-03.53.19:337][  0]LogInit: Selected Device Profile: [Windows]
[2019.11.03-03.53.19:337][  0]LogInit: Applying CVar settings loaded from the selected device profile: [Windows]
[2019.11.03-03.53.19:347][  0]LogHAL: Display: Platform has ~ 32 GB [34289971200 / 34359738368 / 32], which maps to Largest [LargestMinGB=32, LargerMinGB=12, DefaultMinGB=8, SmallerMinGB=6, SmallestMinGB=0)
[2019.11.03-03.53.19:347][  0]LogConfig: Setting CVar [[r.Vulkan.UseRealUBs:0		; Required until we fix HLR fall-out]]
[2019.11.03-03.53.19:347][  0]LogInit: Going up to parent DeviceProfile []
[2019.11.03-03.53.19:347][  0]LogConfig: Applying CVar settings from Section [ViewDistanceQuality@3] File [C:/Users/ASUS Z170-k/Documents/GitHub/FIT3040/FIT3040/Saved/Config/Windows/Scalability.ini]
[2019.11.03-03.53.19:347][  0]LogConfig: Setting CVar [[r.SkeletalMeshLODBias:0]]
[2019.11.03-03.53.19:347][  0]LogConfig: Setting CVar [[r.ViewDistanceScale:1.0]]
[2019.11.03-03.53.19:347][  0]LogConfig: Applying CVar settings from Section [AntiAliasingQuality@3] File [C:/Users/ASUS Z170-k/Documents/GitHub/FIT3040/FIT3040/Saved/Config/Windows/Scalability.ini]
[2019.11.03-03.53.19:347][  0]LogConfig: Setting CVar [[r.PostProcessAAQuality:4]]
[2019.11.03-03.53.19:347][  0]LogConfig: Applying CVar settings from Section [ShadowQuality@3] File [C:/Users/ASUS Z170-k/Documents/GitHub/FIT3040/FIT3040/Saved/Config/Windows/Scalability.ini]
[2019.11.03-03.53.19:347][  0]LogConfig: Setting CVar [[r.LightFunctionQuality:1]]
[2019.11.03-03.53.19:347][  0]LogConfig: Setting CVar [[r.ShadowQuality:5]]
[2019.11.03-03.53.19:347][  0]LogConfig: Setting CVar [[r.Shadow.CSM.MaxCascades:10]]
[2019.11.03-03.53.19:347][  0]LogConfig: Setting CVar [[r.Shadow.MaxResolution:2048]]
[2019.11.03-03.53.19:347][  0]LogConfig: Setting CVar [[r.Shadow.MaxCSMResolution:2048]]
[2019.11.03-03.53.19:347][  0]LogConfig: Setting CVar [[r.Shadow.RadiusThreshold:0.01]]
[2019.11.03-03.53.19:347][  0]LogConfig: Setting CVar [[r.Shadow.DistanceScale:1.0]]
[2019.11.03-03.53.19:347][  0]LogConfig: Setting CVar [[r.Shadow.CSM.TransitionScale:1.0]]
[2019.11.03-03.53.19:347][  0]LogConfig: Setting CVar [[r.Shadow.PreShadowResolutionFactor:1.0]]
[2019.11.03-03.53.19:347][  0]LogConfig: Setting CVar [[r.DistanceFieldShadowing:1]]
[2019.11.03-03.53.19:347][  0]LogConfig: Setting CVar [[r.DistanceFieldAO:1]]
[2019.11.03-03.53.19:347][  0]LogConfig: Setting CVar [[r.AOQuality:2]]
[2019.11.03-03.53.19:347][  0]LogConfig: Setting CVar [[r.VolumetricFog:1]]
[2019.11.03-03.53.19:347][  0]LogConfig: Setting CVar [[r.VolumetricFog.GridPixelSize:8]]
[2019.11.03-03.53.19:347][  0]LogConfig: Setting CVar [[r.VolumetricFog.GridSizeZ:128]]
[2019.11.03-03.53.19:347][  0]LogConfig: Setting CVar [[r.VolumetricFog.HistoryMissSupersampleCount:4]]
[2019.11.03-03.53.19:347][  0]LogConfig: Setting CVar [[r.LightMaxDrawDistanceScale:1]]
[2019.11.03-03.53.19:347][  0]LogConfig: Setting CVar [[r.CapsuleShadows:1]]
[2019.11.03-03.53.19:347][  0]LogConfig: Applying CVar settings from Section [PostProcessQuality@3] File [C:/Users/ASUS Z170-k/Documents/GitHub/FIT3040/FIT3040/Saved/Config/Windows/Scalability.ini]
[2019.11.03-03.53.19:347][  0]LogConfig: Setting CVar [[r.MotionBlurQuality:4]]
[2019.11.03-03.53.19:347][  0]LogConfig: Setting CVar [[r.AmbientOcclusionMipLevelFactor:0.4]]
[2019.11.03-03.53.19:347][  0]LogConfig: Setting CVar [[r.AmbientOcclusionMaxQuality:100]]
[2019.11.03-03.53.19:347][  0]LogConfig: Setting CVar [[r.AmbientOcclusionLevels:-1]]
[2019.11.03-03.53.19:347][  0]LogConfig: Setting CVar [[r.AmbientOcclusionRadiusScale:1.0]]
[2019.11.03-03.53.19:347][  0]LogConfig: Setting CVar [[r.DepthOfFieldQuality:2]]
[2019.11.03-03.53.19:347][  0]LogConfig: Setting CVar [[r.RenderTargetPoolMin:400]]
[2019.11.03-03.53.19:347][  0]LogConfig: Setting CVar [[r.LensFlareQuality:2]]
[2019.11.03-03.53.19:348][  0]LogConfig: Setting CVar [[r.SceneColorFringeQuality:1]]
[2019.11.03-03.53.19:348][  0]LogConfig: Setting CVar [[r.EyeAdaptationQuality:2]]
[2019.11.03-03.53.19:348][  0]LogConfig: Setting CVar [[r.BloomQuality:5]]
[2019.11.03-03.53.19:348][  0]LogConfig: Setting CVar [[r.FastBlurThreshold:100]]
[2019.11.03-03.53.19:348][  0]LogConfig: Setting CVar [[r.Upscale.Quality:3]]
[2019.11.03-03.53.19:348][  0]LogConfig: Setting CVar [[r.Tonemapper.GrainQuantization:1]]
[2019.11.03-03.53.19:348][  0]LogConfig: Setting CVar [[r.LightShaftQuality:1]]
[2019.11.03-03.53.19:348][  0]LogConfig: Setting CVar [[r.Filter.SizeScale:1]]
[2019.11.03-03.53.19:348][  0]LogConfig: Setting CVar [[r.Tonemapper.Quality:5]]
[2019.11.03-03.53.19:348][  0]LogConfig: Setting CVar [[r.DOF.Gather.AccumulatorQuality:1        ; higher gathering accumulator quality]]
[2019.11.03-03.53.19:348][  0]LogConfig: Setting CVar [[r.DOF.Gather.PostfilterMethod:1          ; Median3x3 postfilering method]]
[2019.11.03-03.53.19:348][  0]LogConfig: Setting CVar [[r.DOF.Gather.EnableBokehSettings:0       ; no bokeh simulation when gathering]]
[2019.11.03-03.53.19:348][  0]LogConfig: Setting CVar [[r.DOF.Gather.RingCount:4                 ; medium number of samples when gathering]]
[2019.11.03-03.53.19:348][  0]LogConfig: Setting CVar [[r.DOF.Scatter.ForegroundCompositing:1    ; additive foreground scattering]]
[2019.11.03-03.53.19:348][  0]LogConfig: Setting CVar [[r.DOF.Scatter.BackgroundCompositing:2    ; additive background scattering]]
[2019.11.03-03.53.19:348][  0]LogConfig: Setting CVar [[r.DOF.Scatter.EnableBokehSettings:1      ; bokeh simulation when scattering]]
[2019.11.03-03.53.19:348][  0]LogConfig: Setting CVar [[r.DOF.Scatter.MaxSpriteRatio:0.1         ; only a maximum of 10% of scattered bokeh]]
[2019.11.03-03.53.19:348][  0]LogConfig: Setting CVar [[r.DOF.Recombine.Quality:1                ; cheap slight out of focus]]
[2019.11.03-03.53.19:348][  0]LogConfig: Setting CVar [[r.DOF.Recombine.EnableBokehSettings:0    ; no bokeh simulation on slight out of focus]]
[2019.11.03-03.53.19:348][  0]LogConfig: Setting CVar [[r.DOF.TemporalAAQuality:1                ; more stable temporal accumulation]]
[2019.11.03-03.53.19:348][  0]LogConfig: Setting CVar [[r.DOF.Kernel.MaxForegroundRadius:0.025]]
[2019.11.03-03.53.19:348][  0]LogConfig: Setting CVar [[r.DOF.Kernel.MaxBackgroundRadius:0.025]]
[2019.11.03-03.53.19:348][  0]LogConfig: Applying CVar settings from Section [TextureQuality@3] File [C:/Users/ASUS Z170-k/Documents/GitHub/FIT3040/FIT3040/Saved/Config/Windows/Scalability.ini]
[2019.11.03-03.53.19:348][  0]LogConfig: Setting CVar [[r.Streaming.MipBias:0]]
[2019.11.03-03.53.19:348][  0]LogConfig: Setting CVar [[r.Streaming.AmortizeCPUToGPUCopy:0]]
[2019.11.03-03.53.19:348][  0]LogConfig: Setting CVar [[r.Streaming.MaxNumTexturesToStreamPerFrame:0]]
[2019.11.03-03.53.19:348][  0]LogConfig: Setting CVar [[r.Streaming.Boost:1]]
[2019.11.03-03.53.19:348][  0]LogConfig: Setting CVar [[r.MaxAnisotropy:8]]
[2019.11.03-03.53.19:348][  0]LogConfig: Setting CVar [[r.Streaming.LimitPoolSizeToVRAM:0]]
[2019.11.03-03.53.19:348][  0]LogConfig: Setting CVar [[r.Streaming.PoolSize:1000]]
[2019.11.03-03.53.19:348][  0]LogConfig: Setting CVar [[r.Streaming.MaxEffectiveScreenSize:0]]
[2019.11.03-03.53.19:348][  0]LogConfig: Applying CVar settings from Section [EffectsQuality@3] File [C:/Users/ASUS Z170-k/Documents/GitHub/FIT3040/FIT3040/Saved/Config/Windows/Scalability.ini]
[2019.11.03-03.53.19:348][  0]LogConfig: Setting CVar [[r.TranslucencyLightingVolumeDim:64]]
[2019.11.03-03.53.19:348][  0]LogConfig: Setting CVar [[r.RefractionQuality:2]]
[2019.11.03-03.53.19:348][  0]LogConfig: Setting CVar [[r.SSR.Quality:3]]
[2019.11.03-03.53.19:348][  0]LogConfig: Setting CVar [[r.SceneColorFormat:4]]
[2019.11.03-03.53.19:348][  0]LogConfig: Setting CVar [[r.DetailMode:2]]
[2019.11.03-03.53.19:348][  0]LogConfig: Setting CVar [[r.TranslucencyVolumeBlur:1]]
[2019.11.03-03.53.19:348][  0]LogConfig: Setting CVar [[r.MaterialQualityLevel:1 ; High quality]]
[2019.11.03-03.53.19:348][  0]LogConfig: Setting CVar [[r.SSS.Scale:1]]
[2019.11.03-03.53.19:348][  0]LogConfig: Setting CVar [[r.SSS.SampleSet:2]]
[2019.11.03-03.53.19:348][  0]LogConfig: Setting CVar [[r.SSS.Quality:1]]
[2019.11.03-03.53.19:348][  0]LogConfig: Setting CVar [[r.SSS.HalfRes:1]]
[2019.11.03-03.53.19:348][  0]LogConfig: Setting CVar [[r.EmitterSpawnRateScale:1.0]]
[2019.11.03-03.53.19:348][  0]LogConfig: Setting CVar [[r.ParticleLightQuality:2]]
[2019.11.03-03.53.19:348][  0]LogConfig: Applying CVar settings from Section [FoliageQuality@3] File [C:/Users/ASUS Z170-k/Documents/GitHub/FIT3040/FIT3040/Saved/Config/Windows/Scalability.ini]
[2019.11.03-03.53.19:348][  0]LogConfig: Setting CVar [[foliage.DensityScale:1.0]]
[2019.11.03-03.53.19:348][  0]LogConfig: Setting CVar [[grass.DensityScale:1.0]]
[2019.11.03-03.53.19:348][  0]LogConfig: Applying CVar settings from Section [Startup] File [../../../Engine/Config/ConsoleVariables.ini]
[2019.11.03-03.53.19:348][  0]LogConfig: Setting CVar [[net.UseAdaptiveNetUpdateFrequency:0]]
[2019.11.03-03.53.19:348][  0]LogConfig: Setting CVar [[p.chaos.AllowCreatePhysxBodies:1]]
[2019.11.03-03.53.19:348][  0]LogConfig: Applying CVar settings from Section [ConsoleVariables] File [C:/Users/ASUS Z170-k/Documents/GitHub/FIT3040/FIT3040/Saved/Config/Windows/Engine.ini]
[2019.11.03-03.53.19:348][  0]LogInit: Computer: 终极蛇皮
[2019.11.03-03.53.19:348][  0]LogInit: User: ASUSZ170k
[2019.11.03-03.53.19:348][  0]LogInit: CPU Page size=4096, Cores=4
[2019.11.03-03.53.19:348][  0]LogInit: High frequency timer resolution =10.000000 MHz
[2019.11.03-03.53.19:349][  0]LogMemory: Memory total: Physical=31.9GB (32GB approx)
[2019.11.03-03.53.19:349][  0]LogMemory: Platform Memory Stats for Windows
[2019.11.03-03.53.19:349][  0]LogMemory: Process Physical Memory: 100.06 MB used, 100.06 MB peak
[2019.11.03-03.53.19:349][  0]LogMemory: Process Virtual Memory: 97.16 MB used, 97.16 MB peak
[2019.11.03-03.53.19:349][  0]LogMemory: Physical Memory: 12808.58 MB used,  19892.89 MB free, 32701.46 MB total
[2019.11.03-03.53.19:349][  0]LogMemory: Virtual Memory: 4664.59 MB used,  134213064.00 MB free, 134217728.00 MB total
[2019.11.03-03.53.19:368][  0]LogInit: Using OS detected language (en-US).
[2019.11.03-03.53.19:368][  0]LogInit: Using OS detected locale (zh-CN).
[2019.11.03-03.53.19:369][  0]LogTextLocalizationManager: No specific localization for 'en-US' exists, so the 'en' localization will be used.
[2019.11.03-03.53.19:501][  0]LogInit: Setting process to per monitor DPI aware
[2019.11.03-03.53.19:538][  0]LogSlate: New Slate User Created.  User Index 0, Is Virtual User: 0
[2019.11.03-03.53.19:538][  0]LogSlate: Slate User Registered.  User Index 0, Is Virtual User: 0
[2019.11.03-03.53.19:760][  0]LogHMD: Failed to initialize OpenVR with code 101
[2019.11.03-03.53.19:760][  0]LogD3D11RHI: D3D11 adapters:
[2019.11.03-03.53.19:816][  0]LogD3D11RHI:    0. 'NVIDIA GeForce GTX TITAN X' (Feature Level 11_0)
[2019.11.03-03.53.19:816][  0]LogD3D11RHI:       12238/0/16350 MB DedicatedVideo/DedicatedSystem/SharedSystem, Outputs:2, VendorId:0x10de
[2019.11.03-03.53.19:818][  0]LogD3D11RHI:    1. 'Microsoft Basic Render Driver' (Feature Level 11_0)
[2019.11.03-03.53.19:818][  0]LogD3D11RHI:       0/0/16350 MB DedicatedVideo/DedicatedSystem/SharedSystem, Outputs:0, VendorId:0x1414
[2019.11.03-03.53.19:818][  0]LogD3D11RHI: Chosen D3D11 Adapter: 0
[2019.11.03-03.53.19:826][  0]LogD3D11RHI: Creating new Direct3DDevice
[2019.11.03-03.53.19:826][  0]LogD3D11RHI:     GPU DeviceId: 0x17c2 (for the marketing name, search the web for "GPU Device Id")
[2019.11.03-03.53.19:826][  0]LogWindows: EnumDisplayDevices:
[2019.11.03-03.53.19:826][  0]LogWindows:    0. 'NVIDIA GeForce GTX TITAN X' (P:0 D:1)
[2019.11.03-03.53.19:826][  0]LogWindows:    1. 'NVIDIA GeForce GTX TITAN X' (P:1 D:1)
[2019.11.03-03.53.19:826][  0]LogWindows:    2. 'NVIDIA GeForce GTX TITAN X' (P:0 D:0)
[2019.11.03-03.53.19:827][  0]LogWindows:    3. 'NVIDIA GeForce GTX TITAN X' (P:0 D:0)
[2019.11.03-03.53.19:827][  0]LogWindows: DebugString: FoundDriverCount:4 
[2019.11.03-03.53.19:827][  0]LogD3D11RHI:     Adapter Name: NVIDIA GeForce GTX TITAN X
[2019.11.03-03.53.19:827][  0]LogD3D11RHI:   Driver Version: 425.31 (internal:25.21.14.2531, unified:425.31)
[2019.11.03-03.53.19:827][  0]LogD3D11RHI:      Driver Date: 4-9-2019
[2019.11.03-03.53.19:827][  0]LogRHI: Texture pool is 8567 MB (70% of 12238 MB)
[2019.11.03-03.53.19:862][  0]LogD3D11RHI: Async texture creation enabled
[2019.11.03-03.53.19:865][  0]LogRendererCore: FGlobalReadBuffer::InitRHI
[2019.11.03-03.53.19:865][  0]LogRendererCore: FGlobalReadBuffer::InitRHI
[2019.11.03-03.53.19:865][  0]LogRendererCore: FGlobalReadBuffer::InitRHI
[2019.11.03-03.53.19:873][  0]LogD3D11RHI: GPU Timing Frequency: 1000.000000 (Debug: 2 1)
[2019.11.03-03.53.20:244][  0]LogTemp: Display: Module 'AllDesktopTargetPlatform' loaded TargetPlatform 'AllDesktop'
[2019.11.03-03.53.20:254][  0]LogTemp: Display: Module 'MacClientTargetPlatform' loaded TargetPlatform 'MacClient'
[2019.11.03-03.53.20:271][  0]LogTemp: Display: Module 'MacNoEditorTargetPlatform' loaded TargetPlatform 'MacNoEditor'
[2019.11.03-03.53.20:283][  0]LogTemp: Display: Module 'MacServerTargetPlatform' loaded TargetPlatform 'MacServer'
[2019.11.03-03.53.20:295][  0]LogTemp: Display: Module 'MacTargetPlatform' loaded TargetPlatform 'Mac'
[2019.11.03-03.53.20:306][  0]LogTemp: Display: Module 'WindowsClientTargetPlatform' loaded TargetPlatform 'WindowsClient'
[2019.11.03-03.53.20:316][  0]LogTemp: Display: Module 'WindowsNoEditorTargetPlatform' loaded TargetPlatform 'WindowsNoEditor'
[2019.11.03-03.53.20:328][  0]LogTemp: Display: Module 'WindowsServerTargetPlatform' loaded TargetPlatform 'WindowsServer'
[2019.11.03-03.53.20:333][  0]LogTemp: Display: Module 'WindowsTargetPlatform' loaded TargetPlatform 'Windows'
[2019.11.03-03.53.20:399][  0]LogTemp: Display: Module 'AndroidTargetPlatform' loaded TargetPlatform 'Android'
[2019.11.03-03.53.20:399][  0]LogTemp: Display: Module 'AndroidTargetPlatform' loaded TargetPlatform 'Android_ASTC'
[2019.11.03-03.53.20:399][  0]LogTemp: Display: Module 'AndroidTargetPlatform' loaded TargetPlatform 'Android_ATC'
[2019.11.03-03.53.20:399][  0]LogTemp: Display: Module 'AndroidTargetPlatform' loaded TargetPlatform 'Android_DXT'
[2019.11.03-03.53.20:399][  0]LogTemp: Display: Module 'AndroidTargetPlatform' loaded TargetPlatform 'Android_ETC1'
[2019.11.03-03.53.20:399][  0]LogTemp: Display: Module 'AndroidTargetPlatform' loaded TargetPlatform 'Android_ETC1a'
[2019.11.03-03.53.20:399][  0]LogTemp: Display: Module 'AndroidTargetPlatform' loaded TargetPlatform 'Android_ETC2'
[2019.11.03-03.53.20:399][  0]LogTemp: Display: Module 'AndroidTargetPlatform' loaded TargetPlatform 'Android_PVRTC'
[2019.11.03-03.53.20:399][  0]LogTemp: Display: Module 'AndroidTargetPlatform' loaded TargetPlatform 'AndroidClient'
[2019.11.03-03.53.20:400][  0]LogTemp: Display: Module 'AndroidTargetPlatform' loaded TargetPlatform 'Android_ASTCClient'
[2019.11.03-03.53.20:400][  0]LogTemp: Display: Module 'AndroidTargetPlatform' loaded TargetPlatform 'Android_ATCClient'
[2019.11.03-03.53.20:400][  0]LogTemp: Display: Module 'AndroidTargetPlatform' loaded TargetPlatform 'Android_DXTClient'
[2019.11.03-03.53.20:400][  0]LogTemp: Display: Module 'AndroidTargetPlatform' loaded TargetPlatform 'Android_ETC1Client'
[2019.11.03-03.53.20:400][  0]LogTemp: Display: Module 'AndroidTargetPlatform' loaded TargetPlatform 'Android_ETC1aClient'
[2019.11.03-03.53.20:400][  0]LogTemp: Display: Module 'AndroidTargetPlatform' loaded TargetPlatform 'Android_ETC2Client'
[2019.11.03-03.53.20:400][  0]LogTemp: Display: Module 'AndroidTargetPlatform' loaded TargetPlatform 'Android_PVRTCClient'
[2019.11.03-03.53.20:400][  0]LogTemp: Display: Module 'AndroidTargetPlatform' loaded TargetPlatform 'Android_Multi'
[2019.11.03-03.53.20:400][  0]LogTemp: Display: Module 'AndroidTargetPlatform' loaded TargetPlatform 'Android_MultiClient'
[2019.11.03-03.53.20:401][  0]LogTemp: Display: Module 'HTML5TargetPlatform' loaded TargetPlatform 'HTML5'
[2019.11.03-03.53.20:444][  0]LogTemp: Display: Module 'IOSTargetPlatform' loaded TargetPlatform 'IOSClient'
[2019.11.03-03.53.20:444][  0]LogTemp: Display: Module 'IOSTargetPlatform' loaded TargetPlatform 'IOS'
[2019.11.03-03.53.20:464][  0]LogTemp: Display: Module 'TVOSTargetPlatform' loaded TargetPlatform 'TVOSClient'
[2019.11.03-03.53.20:464][  0]LogTemp: Display: Module 'TVOSTargetPlatform' loaded TargetPlatform 'TVOS'
[2019.11.03-03.53.20:474][  0]LogTemp: Display: Module 'LinuxClientTargetPlatform' loaded TargetPlatform 'LinuxClient'
[2019.11.03-03.53.20:484][  0]LogTemp: Display: Module 'LinuxNoEditorTargetPlatform' loaded TargetPlatform 'LinuxNoEditor'
[2019.11.03-03.53.20:494][  0]LogTemp: Display: Module 'LinuxServerTargetPlatform' loaded TargetPlatform 'LinuxServer'
[2019.11.03-03.53.20:505][  0]LogTemp: Display: Module 'LinuxTargetPlatform' loaded TargetPlatform 'Linux'
[2019.11.03-03.53.20:542][  0]LogTemp: Display: Module 'LuminTargetPlatform' loaded TargetPlatform 'Lumin'
[2019.11.03-03.53.20:542][  0]LogTemp: Display: Module 'LuminTargetPlatform' loaded TargetPlatform 'LuminClient'
[2019.11.03-03.53.20:542][  0]LogTargetPlatformManager: Display: Building Assets For Windows
[2019.11.03-03.53.20:549][  0]LogAudioDebug: Display: Lib vorbis DLL was dynamically loaded.
[2019.11.03-03.53.20:580][  0]LogShaderCompilers: Guid format shader working directory is -2 characters bigger than the processId version (C:/Users/ASUS Z170-k/Documents/GitHub/FIT3040/FIT3040/Intermediate/Shaders/WorkingDirectory/25028/).
[2019.11.03-03.53.20:580][  0]LogShaderCompilers: Cleaned the shader compiler working directory 'C:/Users/ASUS Z170-k/AppData/Local/Temp/UnrealShaderWorkingDir/DC27964F40F18BCAD81D84B400B0E17B/'.
[2019.11.03-03.53.20:581][  0]LogXGEController: Cleaning working directory: C:/Users/ASUS Z170-k/AppData/Local/Temp/UnrealXGEWorkingDir/
[2019.11.03-03.53.20:581][  0]LogXGEController: Cannot use XGE Controller as Incredibuild is not installed on this machine.
[2019.11.03-03.53.20:581][  0]LogShaderCompilers: Cannot use XGE Shader Compiler as Incredibuild is not installed on this machine.
[2019.11.03-03.53.20:581][  0]LogShaderCompilers: Display: Using Local Shader Compiler.
[2019.11.03-03.53.21:096][  0]LogDerivedDataCache: Display: Max Cache Size: 512 MB
[2019.11.03-03.53.21:141][  0]LogDerivedDataCache: Loaded boot cache 0.04s 71MB C:/Users/ASUS Z170-k/AppData/Local/UnrealEngine/4.22/DerivedDataCache/Boot.ddc.
[2019.11.03-03.53.21:141][  0]LogDerivedDataCache: Display: Loaded Boot cache: C:/Users/ASUS Z170-k/AppData/Local/UnrealEngine/4.22/DerivedDataCache/Boot.ddc
[2019.11.03-03.53.21:141][  0]LogDerivedDataCache: FDerivedDataBackendGraph:  Pak pak cache file C:/Users/ASUS Z170-k/Documents/GitHub/FIT3040/FIT3040/DerivedDataCache/DDC.ddp not found, will not use a pak cache.
[2019.11.03-03.53.21:141][  0]LogDerivedDataCache: Unable to find inner node Pak for hierarchical cache Hierarchy.
[2019.11.03-03.53.21:141][  0]LogDerivedDataCache: FDerivedDataBackendGraph:  CompressedPak pak cache file C:/Users/ASUS Z170-k/Documents/GitHub/FIT3040/FIT3040/DerivedDataCache/Compressed.ddp not found, will not use a pak cache.
[2019.11.03-03.53.21:141][  0]LogDerivedDataCache: Unable to find inner node CompressedPak for hierarchical cache Hierarchy.
[2019.11.03-03.53.21:152][  0]LogDerivedDataCache: Display: Pak cache opened for reading ../../../Engine/DerivedDataCache/Compressed.ddp.
[2019.11.03-03.53.21:152][  0]LogDerivedDataCache: FDerivedDataBackendGraph:  EnterprisePak pak cache file ../../../Enterprise/DerivedDataCache/Compressed.ddp not found, will not use a pak cache.
[2019.11.03-03.53.21:152][  0]LogDerivedDataCache: Unable to find inner node EnterprisePak for hierarchical cache Hierarchy.
[2019.11.03-03.53.21:164][  0]LogDerivedDataCache: Using Local data cache path C:/Users/ASUS Z170-k/AppData/Local/UnrealEngine/Common/DerivedDataCache: Writable
[2019.11.03-03.53.21:164][  0]LogDerivedDataCache: Shared data cache path not found in *engine.ini, will not use an Shared cache.
[2019.11.03-03.53.21:164][  0]LogDerivedDataCache: Unable to find inner node Shared for hierarchical cache Hierarchy.
[2019.11.03-03.53.21:182][  0]LogMaterial: Verifying Global Shaders for PCD3D_SM5
[2019.11.03-03.53.21:183][  0]LogSlate: Using FreeType 2.6.0
[2019.11.03-03.53.21:183][  0]LogSlate: SlateFontServices - WITH_FREETYPE: 1, WITH_HARFBUZZ: 1
[2019.11.03-03.53.21:270][  0]LogAssetRegistry: FAssetRegistry took 0.0316 seconds to start up
[2019.11.03-03.53.21:588][  0]LogInit: Selected Device Profile: [Windows]
[2019.11.03-03.53.21:706][  0]LogMeshReduction: Using QuadricMeshReduction for automatic static mesh reduction
[2019.11.03-03.53.21:706][  0]LogMeshReduction: Using SimplygonMeshReduction for automatic skeletal mesh reduction
[2019.11.03-03.53.21:706][  0]LogMeshReduction: Using ProxyLODMeshReduction for automatic mesh merging
[2019.11.03-03.53.21:706][  0]LogMeshReduction: No distributed automatic mesh merging module available
[2019.11.03-03.53.21:706][  0]LogMeshMerging: No distributed automatic mesh merging module available
[2019.11.03-03.53.21:715][  0]LogNetVersion: FIT3040 1.0.0, NetCL: 5660361, EngineNetVer: 10, GameNetVer: 0 (Checksum: 2241707757)
[2019.11.03-03.53.22:050][  0]LogPackageLocalizationCache: Processed 10 localized package path(s) for 1 prioritized culture(s) in 0.034445 seconds
[2019.11.03-03.53.22:055][  0]LogUObjectArray: 42205 objects as part of root set at end of initial load.
[2019.11.03-03.53.22:055][  0]LogUObjectAllocator: 7325032 out of 0 bytes used by permanent object pool.
[2019.11.03-03.53.22:055][  0]LogUObjectArray: CloseDisregardForGC: 0/0 objects in disregard for GC pool
[2019.11.03-03.53.22:873][  0]LogTcpMessaging: Initializing TcpMessaging bridge
[2019.11.03-03.53.22:886][  0]LogUdpMessaging: Initializing bridge on interface 0.0.0.0:0 to multicast group 230.0.0.1:6666.
[2019.11.03-03.53.22:981][  0]SourceControl: Source control is disabled
[2019.11.03-03.53.22:982][  0]SourceControl: Source control is disabled
[2019.11.03-03.53.22:983][  0]SourceControl: Source control is disabled
[2019.11.03-03.53.22:983][  0]SourceControl: Source control is disabled
[2019.11.03-03.53.22:991][  0]LogVSAccessor: Display: Unable to create Visual Studio setup instance: 80040154
[2019.11.03-03.53.22:991][  0]LogVSAccessor: Display: Unable to create Visual Studio setup instance: 80040154
[2019.11.03-03.53.23:044][  0]LogAndroidPermission: UAndroidPermissionCallbackProxy::GetInstance
[2019.11.03-03.53.23:275][  0]LogOcInput: OculusInput pre-init called
[2019.11.03-03.53.23:951][  0]LogEngine: Initializing Engine...
[2019.11.03-03.53.23:951][  0]LogHMD: Failed to initialize OpenVR with code 101
[2019.11.03-03.53.23:952][  0]LogStats: UGameplayTagsManager::InitializeManager -  0.000 s
[2019.11.03-03.53.24:129][  0]LogInit: Initializing FReadOnlyCVARCache
[2019.11.03-03.53.24:138][  0]LogAIModule: Creating AISystem for world Untitled
[2019.11.03-03.53.24:243][  0]LogInit: XAudio2 using 'Headphones (Arctis Pro Wireless Game)' : 2 channels at 48 kHz using 16 bits per sample (channel mask 0x3)
[2019.11.03-03.53.24:325][  0]LogInit: FAudioDevice initialized.
[2019.11.03-03.53.24:325][  0]LogNetVersion: Set ProjectVersion to 1.0.0.0. Version Checksum will be recalculated on next use.
[2019.11.03-03.53.24:376][  0]LogDerivedDataCache: Saved boot cache 0.05s 71MB C:/Users/ASUS Z170-k/AppData/Local/UnrealEngine/4.22/DerivedDataCache/Boot.ddc.
[2019.11.03-03.53.24:386][  0]LogInit: Texture streaming: Enabled
[2019.11.03-03.53.24:398][  0]LogEngineSessionManager: EngineSessionManager initialized
[2019.11.03-03.53.24:413][  0]LogInit: Transaction tracking system initialized
[2019.11.03-03.53.24:427][  0]BlueprintLog: New page: Editor Load
[2019.11.03-03.53.24:485][  0]LocalizationService: Localization service is disabled
[2019.11.03-03.53.24:592][  0]LogVSAccessor: Display: Unable to create Visual Studio setup instance: 80040154
[2019.11.03-03.53.24:593][  0]LogVSAccessor: Display: Unable to create Visual Studio setup instance: 80040154
[2019.11.03-03.53.24:731][  0]LogCook: Display: Max memory allowance for cook 16384mb min free memory 0mb
[2019.11.03-03.53.24:731][  0]LogCook: Display: Mobile HDR setting 1
[2019.11.03-03.53.24:886][  0]LogFileCache: Scanning file cache for directory 'C:/Users/ASUS Z170-k/Documents/GitHub/FIT3040/FIT3040/Content/' took 0.10s
[2019.11.03-03.53.24:886][  0]SourceControl: Source control is disabled
[2019.11.03-03.53.24:886][  0]Cmd: MAP LOAD FILE="C:/Users/ASUS Z170-k/Documents/GitHub/FIT3040/FIT3040/Content/ThirdPersonBP/Maps/ThirdPersonExampleMap.umap" TEMPLATE=0 SHOWPROGRESS=1 FEATURELEVEL=3
[2019.11.03-03.53.24:886][  0]LightingResults: New page: Lighting Build
[2019.11.03-03.53.24:888][  0]MapCheck: New page: Map Check
[2019.11.03-03.53.24:888][  0]LightingResults: New page: Lighting Build
[2019.11.03-03.53.24:914][  0]LogUObjectHash: Compacting FUObjectHashTables data took   1.28ms
[2019.11.03-03.53.25:316][  0]LogLinker: Can't find file '/Game/ZhengduoZhu/InventorySystem02/Blueprint/ItemClasses/BP_Item'
[2019.11.03-03.53.25:316][  0]LogLinker: Can't find file '/Game/ZhengduoZhu/InventorySystem02/Blueprint/ItemClasses/BP_Item'
[2019.11.03-03.53.26:665][  0]LoadErrors: Warning: Linear color curves now accurately handle RGB values > 1. If you were relying on HSV clamping, please update Curve_GoodSky_horizon_Color
[2019.11.03-03.53.26:886][  0]LoadErrors: Warning: Linear color curves now accurately handle RGB values > 1. If you were relying on HSV clamping, please update Curve_GoodSky_DomeColor
[2019.11.03-03.53.26:886][  0]LoadErrors: Warning: Linear color curves now accurately handle RGB values > 1. If you were relying on HSV clamping, please update Curve_GoodSky_BaseCloudColor
[2019.11.03-03.53.26:886][  0]LoadErrors: Warning: Linear color curves now accurately handle RGB values > 1. If you were relying on HSV clamping, please update Curve_GoodSky_AllOverlayColor
[2019.11.03-03.53.27:019][  0]LogAIModule: Creating AISystem for world ThirdPersonExampleMap
[2019.11.03-03.53.27:038][  0]LogEditorServer: Finished looking for orphan Actors (0.000 secs)
[2019.11.03-03.53.27:076][  0]LogUObjectHash: Compacting FUObjectHashTables data took   2.76ms
[2019.11.03-03.53.27:076][  0]Cmd: MAP CHECKDEP NOCLEARLOG
[2019.11.03-03.53.27:076][  0]MapCheck: Map check complete: 0 Error(s), 0 Warning(s), took 0.112ms to complete.
[2019.11.03-03.53.27:076][  0]LogFileHelpers: Loading map 'ThirdPersonExampleMap' took 2.190
[2019.11.03-03.53.27:194][  0]LogSlate: Updating window title bar state: overlay mode, drag disabled, window buttons hidden, title bar hidden
[2019.11.03-03.53.27:200][  0]LogSlate: Updating window title bar state: overlay mode, drag disabled, window buttons hidden, title bar hidden
[2019.11.03-03.53.27:206][  0]LogSlate: Updating window title bar state: overlay mode, drag disabled, window buttons hidden, title bar hidden
[2019.11.03-03.53.27:213][  0]LogSlate: Updating window title bar state: overlay mode, drag disabled, window buttons hidden, title bar hidden
[2019.11.03-03.53.27:217][  0]LogCollectionManager: Loaded 0 collections in 0.001083 seconds
[2019.11.03-03.53.27:230][  0]LogFileCache: Scanning file cache for directory 'C:/Users/ASUS Z170-k/Documents/GitHub/FIT3040/FIT3040/Saved/Collections/' took 0.01s
[2019.11.03-03.53.27:231][  0]LogFileCache: Scanning file cache for directory 'C:/Users/ASUS Z170-k/Documents/GitHub/FIT3040/FIT3040/Content/Developers/ASUSZ170k/Collections/' took 0.00s
[2019.11.03-03.53.27:231][  0]LogFileCache: Scanning file cache for directory 'C:/Users/ASUS Z170-k/Documents/GitHub/FIT3040/FIT3040/Content/Collections/' took 0.00s
[2019.11.03-03.53.27:231][  0]LogCollectionManager: Rebuilt the GUID cache for 0 collections in 0.000000 seconds
[2019.11.03-03.53.27:238][  0]LogContentBrowser: Native class hierarchy populated in 0.0074 seconds. Added 2732 classes and 659 folders.
[2019.11.03-03.53.27:242][  0]LogContentBrowser: Native class hierarchy updated for 'WidgetCarousel' in 0.0002 seconds. Added 0 classes and 0 folders.
[2019.11.03-03.53.27:244][  0]LogPakFile: Registered encryption key '00000000000000000000000000000000': 0 pak files mounted, 0 remain pending
[2019.11.03-03.53.27:244][  0]LogPakFile: Registered encryption key '00000000000000000000000000000000': 0 pak files mounted, 0 remain pending
[2019.11.03-03.53.27:245][  0]LogPakFile: Registered encryption key '00000000000000000000000000000000': 0 pak files mounted, 0 remain pending
[2019.11.03-03.53.27:245][  0]LogPakFile: Registered encryption key '00000000000000000000000000000000': 0 pak files mounted, 0 remain pending
[2019.11.03-03.53.27:246][  0]LogPakFile: Registered encryption key '00000000000000000000000000000000': 0 pak files mounted, 0 remain pending
[2019.11.03-03.53.27:246][  0]LogPakFile: Registered encryption key '00000000000000000000000000000000': 0 pak files mounted, 0 remain pending
[2019.11.03-03.53.27:246][  0]LogPakFile: Registered encryption key '00000000000000000000000000000000': 0 pak files mounted, 0 remain pending
[2019.11.03-03.53.27:247][  0]LogPakFile: Registered encryption key '00000000000000000000000000000000': 0 pak files mounted, 0 remain pending
[2019.11.03-03.53.27:247][  0]LogPakFile: Registered encryption key '00000000000000000000000000000000': 0 pak files mounted, 0 remain pending
[2019.11.03-03.53.27:248][  0]LogPakFile: Registered encryption key '00000000000000000000000000000000': 0 pak files mounted, 0 remain pending
[2019.11.03-03.53.27:248][  0]LogPakFile: Registered encryption key '00000000000000000000000000000000': 0 pak files mounted, 0 remain pending
[2019.11.03-03.53.27:249][  0]LogPakFile: Registered encryption key '00000000000000000000000000000000': 0 pak files mounted, 0 remain pending
[2019.11.03-03.53.27:249][  0]LogPakFile: Registered encryption key '00000000000000000000000000000000': 0 pak files mounted, 0 remain pending
[2019.11.03-03.53.27:250][  0]LogPakFile: Registered encryption key '00000000000000000000000000000000': 0 pak files mounted, 0 remain pending
[2019.11.03-03.53.27:250][  0]LogPakFile: Registered encryption key '00000000000000000000000000000000': 0 pak files mounted, 0 remain pending
[2019.11.03-03.53.27:251][  0]LogPakFile: Registered encryption key '00000000000000000000000000000000': 0 pak files mounted, 0 remain pending
[2019.11.03-03.53.27:251][  0]LogPakFile: Registered encryption key '00000000000000000000000000000000': 0 pak files mounted, 0 remain pending
[2019.11.03-03.53.27:251][  0]LogPakFile: Registered encryption key '00000000000000000000000000000000': 0 pak files mounted, 0 remain pending
[2019.11.03-03.53.27:252][  0]LogPakFile: Registered encryption key '00000000000000000000000000000000': 0 pak files mounted, 0 remain pending
[2019.11.03-03.53.27:252][  0]LogPakFile: Registered encryption key '00000000000000000000000000000000': 0 pak files mounted, 0 remain pending
[2019.11.03-03.53.27:252][  0]LogPakFile: Registered encryption key '00000000000000000000000000000000': 0 pak files mounted, 0 remain pending
[2019.11.03-03.53.27:253][  0]LogPakFile: Registered encryption key '00000000000000000000000000000000': 0 pak files mounted, 0 remain pending
[2019.11.03-03.53.27:253][  0]LogPakFile: Registered encryption key '00000000000000000000000000000000': 0 pak files mounted, 0 remain pending
[2019.11.03-03.53.27:254][  0]LogPakFile: Registered encryption key '00000000000000000000000000000000': 0 pak files mounted, 0 remain pending
[2019.11.03-03.53.27:254][  0]LogPakFile: Registered encryption key '00000000000000000000000000000000': 0 pak files mounted, 0 remain pending
[2019.11.03-03.53.27:255][  0]LogPakFile: Registered encryption key '00000000000000000000000000000000': 0 pak files mounted, 0 remain pending
[2019.11.03-03.53.27:292][  0]LogContentBrowser: Native class hierarchy updated for 'AddContentDialog' in 0.0002 seconds. Added 0 classes and 0 folders.
[2019.11.03-03.53.27:297][  0]LogContentBrowser: Native class hierarchy updated for 'SceneOutliner' in 0.0002 seconds. Added 1 classes and 2 folders.
[2019.11.03-03.53.27:383][  0]LogSlate: Took 0.000227 seconds to synchronously load lazily loaded font '../../../Engine/Content/Slate/Fonts/Roboto-Regular.ttf' (155K)
[2019.11.03-03.53.27:385][  0]LogSlate: Took 0.000203 seconds to synchronously load lazily loaded font '../../../Engine/Content/Slate/Fonts/Roboto-Bold.ttf' (160K)
[2019.11.03-03.53.27:390][  0]LogSlate: Took 0.000202 seconds to synchronously load lazily loaded font '../../../Engine/Content/Editor/Slate/Fonts/FontAwesome.ttf' (139K)
[2019.11.03-03.53.27:443][  0]LogRenderer: Reallocating scene render targets to support 1416x840 Format 10 NumSamples 1 (Frame:1).
[2019.11.03-03.53.27:585][  0]LogContentBrowser: Native class hierarchy updated for 'HierarchicalLODOutliner' in 0.0002 seconds. Added 0 classes and 0 folders.
[2019.11.03-03.53.27:585][  0]LogLoad: (Engine Initialization) Total time: 10.22 seconds
[2019.11.03-03.53.27:585][  0]LogLoad: (Engine Initialization) Total Blueprint compile time: 0.00 seconds
[2019.11.03-03.53.27:670][  0]LogContentStreaming: Texture pool size now 1000 MB
[2019.11.03-03.53.27:673][  0]LogSlate: FSceneViewport::OnFocusLost() reason 2
[2019.11.03-03.53.27:729][  0]LogSlate: Took 0.000189 seconds to synchronously load lazily loaded font '../../../Engine/Content/Slate/Fonts/Roboto-Light.ttf' (167K)
[2019.11.03-03.53.27:769][  1]LogFileCache: Retrieving MD5 hashes for directory 'C:/Users/ASUS Z170-k/Documents/GitHub/FIT3040/FIT3040/Content/' took 0.16s
[2019.11.03-03.53.27:801][  1]LogAssetRegistry: Asset discovery search completed in 6.5544 seconds
[2019.11.03-03.53.27:803][  1]LogCollectionManager: Rebuilt the object cache for 0 collections in 0.000000 seconds (found 0 objects)
[2019.11.03-03.53.27:803][  1]LogCollectionManager: Fixed up redirectors for 0 collections in 0.000043 seconds (updated 0 objects)
[2019.11.03-03.53.28:631][ 82]LogSlate: Took 0.000175 seconds to synchronously load lazily loaded font '../../../Engine/Content/Slate/Fonts/Roboto-Light.ttf' (167K)
[2019.11.03-03.53.28:638][ 82]LogAssetEditorManager: Opening Asset editor for Blueprint /Game/ZhengduoZhu/Blueprint/MyGameMode.MyGameMode
[2019.11.03-03.53.28:861][ 82]LogContentBrowser: Native class hierarchy updated for 'BlueprintGraph' in 0.0005 seconds. Added 121 classes and 0 folders.
[2019.11.03-03.53.29:656][ 82]LogAssetEditorManager: Opening Asset editor for Blueprint /Game/ZhengduoZhu/Character/TwinSwords/TwinSwords.TwinSwords
[2019.11.03-03.53.30:055][ 82]LogAssetEditorManager: Opening Asset editor for StaticMesh /Game/ZhengduoZhu/Mesh/TERRAIN_30_LP.TERRAIN_30_LP
[2019.11.03-03.53.30:058][ 82]LogBlueprintActionDatabase: Requesting refresh due to module change: StaticMeshEditor (loaded)
[2019.11.03-03.53.30:506][ 82]LogAssetEditorManager: Opening Asset editor for Blueprint /Game/ZhengduoZhu/Character/Enemy/Monster/Monster.Monster
[2019.11.03-03.53.30:845][ 82]LogAssetEditorManager: Opening Asset editor for Blueprint /Game/ZhengduoZhu/Character/Enemy/SampleEnemy.SampleEnemy
[2019.11.03-03.53.31:216][ 82]LogAssetEditorManager: Opening Asset editor for Material /Game/ZhengduoZhu/Mesh/William/Church/M_围墙.M_围墙
[2019.11.03-03.53.31:219][ 82]LogMaterial: Display: Missing cached shader map for material M_围墙, compiling. 
[2019.11.03-03.53.31:357][ 82]LogMaterial: Display: Missing cached shader map for material M_围墙, compiling. 
[2019.11.03-03.53.31:369][ 82]LogMaterial: Display: Missing cached shader map for material M_围墙, compiling. 
[2019.11.03-03.53.31:393][ 82]LogShaderCompilers: Display: Shaders left to compile 20
[2019.11.03-03.53.31:405][ 82]LogMaterial: Display: Missing cached shader map for material FMatExpressionPreview MaterialExpressionConstant3Vector_0, compiling. 
[2019.11.03-03.53.31:487][ 82]LogAssetEditorManager: Opening Asset editor for StaticMesh /Game/ZhengduoZhu/Mesh/Weapons/sword1.sword1
[2019.11.03-03.53.31:819][ 82]LogAssetEditorManager: Opening Asset editor for Blueprint /Game/ZhengduoZhu/InventorySystem02/Item/Equipment/Weapon/BP_Weapon_Sword06.BP_Weapon_Sword06
[2019.11.03-03.53.32:297][ 82]LogShaderCompilers: Display: Shaders left to compile 10
[2019.11.03-03.53.32:302][ 82]LogAssetEditorManager: Opening Asset editor for Blueprint /Game/ZhengduoZhu/InventorySystem02/Item/BP_Item.BP_Item
[2019.11.03-03.53.32:817][ 82]LogAssetEditorManager: Opening Asset editor for ParticleSystem /Game/ZhengduoZhu/Effect/DropItem.DropItem
[2019.11.03-03.53.32:825][ 82]LogBlueprintActionDatabase: Requesting refresh due to module change: Cascade (loaded)
[2019.11.03-03.53.32:826][ 82]LogContentBrowser: Native class hierarchy updated for 'Cascade' in 0.0004 seconds. Added 2 classes and 2 folders.
[2019.11.03-03.53.32:864][ 82]LogBlueprintActionDatabase: Requesting refresh due to module change: DistCurveEditor (loaded)
[2019.11.03-03.53.33:004][ 82]LogAssetEditorManager: Opening Asset editor for BehaviorTree /Game/ZhengduoZhu/Character/Enemy/Monster/AI/BT_Monster.BT_Monster
[2019.11.03-03.53.33:182][ 82]LogAssetEditorManager: Opening Asset editor for Blueprint /Game/ZhengduoZhu/Character/Enemy/Monster/AI/BTTask_MoveTo_M.BTTask_MoveTo_M
[2019.11.03-03.53.33:825][ 82]LogSlate: Took 0.000204 seconds to synchronously load lazily loaded font '../../../Engine/Content/Slate/Fonts/Roboto-BoldCondensed.ttf' (158K)
[2019.11.03-03.53.33:828][ 82]LogSlate: Took 0.001258 seconds to synchronously load lazily loaded font '../../../Engine/Content/Slate/Fonts/DroidSansFallback.ttf' (3848K)
[2019.11.03-03.53.33:864][ 83]MaterialEditorStats: Base pass shader: 108 instructions
[2019.11.03-03.53.33:864][ 83]MaterialEditorStats: Base pass shader with Volumetric Lightmap: 182 instructions
[2019.11.03-03.53.33:864][ 83]MaterialEditorStats: Base pass vertex shader: 41 instructions
[2019.11.03-03.53.33:864][ 83]MaterialEditorStats: Texture samplers: 3/16
[2019.11.03-03.53.33:866][ 83]LogSlate: Took 0.000250 seconds to synchronously load lazily loaded font '../../../Engine/Content/Slate/Fonts/Roboto-Italic.ttf' (157K)
[2019.11.03-03.53.34:424][150]LogSlate: Window 'Message Log' being destroyed
[2019.11.03-03.53.34:427][150]LogSlate: Window 'Message Log' being destroyed
[2019.11.03-03.53.36:703][414]LogTemp: IOS device listing is disabled (to many failed attempts)!
[2019.11.03-03.53.36:895][436]LogActorComponent: UnregisterComponent: (/Engine/Transient.EditorFloorComp) Not registered. Aborting.
[2019.11.03-03.53.37:721][512]LogActorComponent: UnregisterComponent: (/Engine/Transient.EditorFloorComp) Not registered. Aborting.
[2019.11.03-03.53.38:066][545]LogActorComponent: UnregisterComponent: (/Engine/Transient.EditorFloorComp) Not registered. Aborting.
[2019.11.03-03.53.38:860][603]LogActorComponent: UnregisterComponent: (/Engine/Transient.EditorFloorComp) Not registered. Aborting.
[2019.11.03-03.53.39:274][644]LogActorComponent: UnregisterComponent: (/Engine/Transient.EditorFloorComp) Not registered. Aborting.
[2019.11.03-03.53.39:701][686]LogCascade: Quitting Cascade. FXSystem=0x000001E93160F1C0
[2019.11.03-03.53.51:881][119]LogSlate: Window 'BB_Monster' being destroyed
[2019.11.03-03.53.51:884][119]LogSlate: Window 'BB_Monster' being destroyed
[2019.11.03-03.53.59:494][996]LogBlueprintActionDatabase: Requesting refresh due to module change: ExternalImagePicker (loaded)
[2019.11.03-03.54.01:157][996]LogSlate: Only BGRA pngs, bmps or icos are supported in by External Image Picker
[2019.11.03-03.54.27:579][ 36]LogSlate: Window 'Project Settings' being destroyed
[2019.11.03-03.54.27:583][ 36]LogSlate: Window 'Project Settings' being destroyed
[2019.11.03-03.54.29:059][193]LogUObjectHash: Compacting FUObjectHashTables data took   5.82ms
[2019.11.03-03.54.29:190][193]LogSlate: Window 'FIT3040 - Unreal Editor' being destroyed
[2019.11.03-03.54.29:191][193]LogWindowsTextInputMethodSystem: Display: IME system now activated using TSF (Microsoft Pinyin).
[2019.11.03-03.54.29:395][194]Cmd: QUIT_EDITOR
[2019.11.03-03.54.29:434][194]LogExit: Preparing to exit.
[2019.11.03-03.54.29:982][194]LogExit: Editor shut down
[2019.11.03-03.54.29:982][194]LogExit: Transaction tracking system shut down
[2019.11.03-03.54.30:338][194]LogExit: Object subsystem successfully closed.
[2019.11.03-03.54.30:351][194]LogShaderCompilers: Display: Shaders left to compile 0
[2019.11.03-03.54.30:355][194]LogD3D11RHI: Shutdown
[2019.11.03-03.54.30:355][194]LogD3D11RHI: CleanupD3DDevice
[2019.11.03-03.54.30:355][194]LogRendererCore: FGlobalReadBuffer::ReleaseRHI
[2019.11.03-03.54.30:355][194]LogRendererCore: FGlobalDynamicReadBuffer::Cleanup()
[2019.11.03-03.54.30:355][194]LogRendererCore: FGlobalReadBuffer::ReleaseRHI
[2019.11.03-03.54.30:355][194]LogRendererCore: FGlobalDynamicReadBuffer::Cleanup()
[2019.11.03-03.54.30:355][194]LogRendererCore: FGlobalReadBuffer::ReleaseRHI
[2019.11.03-03.54.30:355][194]LogRendererCore: FGlobalDynamicReadBuffer::Cleanup()
[2019.11.03-03.54.30:437][194]LogD3D11RHI: ~FD3D11DynamicRHI
[2019.11.03-03.54.30:446][194]LogModuleManager: Shutting down and abandoning module ExternalImagePicker (652)
[2019.11.03-03.54.30:446][194]LogModuleManager: Shutting down and abandoning module DistCurveEditor (650)
[2019.11.03-03.54.30:446][194]LogModuleManager: Shutting down and abandoning module Cascade (648)
[2019.11.03-03.54.30:446][194]LogModuleManager: Shutting down and abandoning module StaticMeshEditor (646)
[2019.11.03-03.54.30:447][194]LogModuleManager: Shutting down and abandoning module BlueprintGraph (644)
[2019.11.03-03.54.30:447][194]LogModuleManager: Shutting down and abandoning module HierarchicalLODOutliner (642)
[2019.11.03-03.54.30:447][194]LogModuleManager: Shutting down and abandoning module SceneOutliner (640)
[2019.11.03-03.54.30:447][194]LogModuleManager: Shutting down and abandoning module AddContentDialog (638)
[2019.11.03-03.54.30:447][194]LogModuleManager: Shutting down and abandoning module WidgetCarousel (637)
[2019.11.03-03.54.30:447][194]LogModuleManager: Shutting down and abandoning module EditorWidgets (634)
[2019.11.03-03.54.30:447][194]LogModuleManager: Shutting down and abandoning module CollectionManager (632)
[2019.11.03-03.54.30:447][194]LogModuleManager: Shutting down and abandoning module StatsViewer (630)
[2019.11.03-03.54.30:447][194]LogModuleManager: Shutting down and abandoning module FoliageEdit (628)
[2019.11.03-03.54.30:447][194]LogModuleManager: Shutting down and abandoning module LandscapeEditor (626)
[2019.11.03-03.54.30:447][194]LogModuleManager: Shutting down and abandoning module MeshPaintMode (624)
[2019.11.03-03.54.30:447][194]LogModuleManager: Shutting down and abandoning module SceneDepthPickerMode (622)
[2019.11.03-03.54.30:447][194]LogModuleManager: Shutting down and abandoning module ActorPickerMode (620)
[2019.11.03-03.54.30:447][194]LogModuleManager: Shutting down and abandoning module GeometryMode (618)
[2019.11.03-03.54.30:447][194]LogModuleManager: Shutting down and abandoning module TextureAlignMode (616)
[2019.11.03-03.54.30:447][194]LogModuleManager: Shutting down and abandoning module BspMode (614)
[2019.11.03-03.54.30:447][194]LogModuleManager: Shutting down and abandoning module PIEPreviewDeviceProfileSelector (612)
[2019.11.03-03.54.30:447][194]LogModuleManager: Shutting down and abandoning module SequenceRecorderSections (610)
[2019.11.03-03.54.30:447][194]LogModuleManager: Shutting down and abandoning module AutomationWorker (608)
[2019.11.03-03.54.30:447][194]LogModuleManager: Shutting down and abandoning module OculusMR (606)
[2019.11.03-03.54.30:447][194]LogModuleManager: Shutting down and abandoning module AudioCaptureEditor (604)
[2019.11.03-03.54.30:447][194]LogModuleManager: Shutting down and abandoning module MatineeToLevelSequence (602)
[2019.11.03-03.54.30:447][194]LogModuleManager: Shutting down and abandoning module LevelSequenceEditor (600)
[2019.11.03-03.54.30:447][194]LogModuleManager: Shutting down and abandoning module PlacementMode (599)
[2019.11.03-03.54.30:447][194]LogModuleManager: Shutting down and abandoning module MaterialEditor (598)
[2019.11.03-03.54.30:447][194]LogModuleManager: Shutting down and abandoning module ActorSequenceEditor (594)
[2019.11.03-03.54.30:447][194]LogModuleManager: Shutting down and abandoning module WmfMediaFactory (592)
[2019.11.03-03.54.30:447][194]LogModuleManager: Shutting down and abandoning module WmfMediaEditor (590)
[2019.11.03-03.54.30:447][194]LogModuleManager: Shutting down and abandoning module WebMMediaFactory (588)
[2019.11.03-03.54.30:447][194]LogModuleManager: Shutting down and abandoning module WebMMediaEditor (586)
[2019.11.03-03.54.30:447][194]LogModuleManager: Shutting down and abandoning module WebMMedia (584)
[2019.11.03-03.54.30:447][194]LogModuleManager: Shutting down and abandoning module MediaPlayerEditor (582)
[2019.11.03-03.54.30:448][194]LogModuleManager: Shutting down and abandoning module MediaCompositingEditor (580)
[2019.11.03-03.54.30:448][194]LogModuleManager: Shutting down and abandoning module SequenceRecorder (579)
[2019.11.03-03.54.30:448][194]LogModuleManager: Shutting down and abandoning module OpenExrWrapper (576)
[2019.11.03-03.54.30:448][194]LogModuleManager: Shutting down and abandoning module ImgMediaFactory (574)
[2019.11.03-03.54.30:448][194]LogModuleManager: Shutting down and abandoning module ImgMediaEditor (572)
[2019.11.03-03.54.30:448][194]LogModuleManager: Shutting down and abandoning module AvfMediaFactory (570)
[2019.11.03-03.54.30:448][194]LogModuleManager: Shutting down and abandoning module AvfMediaEditor (568)
[2019.11.03-03.54.30:448][194]LogModuleManager: Shutting down and abandoning module AndroidMediaFactory (566)
[2019.11.03-03.54.30:448][194]LogModuleManager: Shutting down and abandoning module AndroidMediaEditor (564)
[2019.11.03-03.54.30:448][194]LogModuleManager: Shutting down and abandoning module MagicLeapCameraPreviewFactory (562)
[2019.11.03-03.54.30:448][194]LogModuleManager: Shutting down and abandoning module MagicLeapMediaCodecFactory (560)
[2019.11.03-03.54.30:448][194]LogModuleManager: Shutting down and abandoning module MagicLeapMediaFactory (558)
[2019.11.03-03.54.30:448][194]LogModuleManager: Shutting down and abandoning module MagicLeapMediaEditor (556)
[2019.11.03-03.54.30:448][194]LogModuleManager: Shutting down and abandoning module CharacterAI (554)
[2019.11.03-03.54.30:448][194]LogModuleManager: Shutting down and abandoning module SmartSnapping (552)
[2019.11.03-03.54.30:448][194]LogModuleManager: Shutting down and abandoning module SessionServices (550)
[2019.11.03-03.54.30:448][194]LogModuleManager: Shutting down and abandoning module MeshPaint (548)
[2019.11.03-03.54.30:448][194]LogModuleManager: Shutting down and abandoning module ViewportSnapping (546)
[2019.11.03-03.54.30:448][194]LogModuleManager: Shutting down and abandoning module ViewportInteraction (544)
[2019.11.03-03.54.30:448][194]LogModuleManager: Shutting down and abandoning module ClothPainter (542)
[2019.11.03-03.54.30:448][194]LogModuleManager: Shutting down and abandoning module SkeletalMeshEditor (541)
[2019.11.03-03.54.30:448][194]LogModuleManager: Shutting down and abandoning module LogVisualizer (538)
[2019.11.03-03.54.30:448][194]LogModuleManager: Shutting down and abandoning module IntroTutorials (536)
[2019.11.03-03.54.30:448][194]LogModuleManager: Shutting down and abandoning module GameProjectGeneration (535)
[2019.11.03-03.54.30:448][194]LogModuleManager: Shutting down and abandoning module LuminPlatformEditor (532)
[2019.11.03-03.54.30:448][194]LogModuleManager: Shutting down and abandoning module IOSPlatformEditor (530)
[2019.11.03-03.54.30:448][194]LogModuleManager: Shutting down and abandoning module HTML5PlatformEditor (528)
[2019.11.03-03.54.30:448][194]LogModuleManager: Shutting down and abandoning module AndroidPlatformEditor (526)
[2019.11.03-03.54.30:448][194]LogModuleManager: Shutting down and abandoning module AndroidDeviceDetection (525)
[2019.11.03-03.54.30:597][194]LogModuleManager: Shutting down and abandoning module WindowsPlatformEditor (522)
[2019.11.03-03.54.30:597][194]LogModuleManager: Shutting down and abandoning module LuminRuntimeSettings (520)
[2019.11.03-03.54.30:597][194]LogModuleManager: Shutting down and abandoning module IOSRuntimeSettings (518)
[2019.11.03-03.54.30:597][194]LogModuleManager: Shutting down and abandoning module AndroidRuntimeSettings (516)
[2019.11.03-03.54.30:597][194]LogModuleManager: Shutting down and abandoning module TimeManagementEditor (514)
[2019.11.03-03.54.30:597][194]LogModuleManager: Shutting down and abandoning module InputBindingEditor (512)
[2019.11.03-03.54.30:597][194]LogModuleManager: Shutting down and abandoning module MergeActors (510)
[2019.11.03-03.54.30:597][194]LogModuleManager: Shutting down and abandoning module LocalizationDashboard (508)
[2019.11.03-03.54.30:598][194]LogModuleManager: Shutting down and abandoning module LocalizationService (507)
[2019.11.03-03.54.30:598][194]LogModuleManager: Shutting down and abandoning module HardwareTargeting (504)
[2019.11.03-03.54.30:598][194]LogModuleManager: Shutting down and abandoning module DeviceProfileEditor (502)
[2019.11.03-03.54.30:598][194]LogModuleManager: Shutting down and abandoning module UndoHistory (500)
[2019.11.03-03.54.30:598][194]LogModuleManager: Shutting down and abandoning module XmlParser (498)
[2019.11.03-03.54.30:598][194]LogModuleManager: Shutting down and abandoning module Blutility (496)
[2019.11.03-03.54.30:598][194]LogModuleManager: Shutting down and abandoning module ProjectSettingsViewer (494)
[2019.11.03-03.54.30:598][194]LogModuleManager: Shutting down and abandoning module ProjectTargetPlatformEditor (493)
[2019.11.03-03.54.30:598][194]LogModuleManager: Shutting down and abandoning module EditorSettingsViewer (490)
[2019.11.03-03.54.30:598][194]LogModuleManager: Shutting down and abandoning module SettingsEditor (488)
[2019.11.03-03.54.30:598][194]LogModuleManager: Shutting down and abandoning module ProjectLauncher (486)
[2019.11.03-03.54.30:598][194]LogModuleManager: Shutting down and abandoning module SessionFrontend (484)
[2019.11.03-03.54.30:598][194]LogModuleManager: Shutting down and abandoning module ProfilerClient (482)
[2019.11.03-03.54.30:598][194]LogModuleManager: Shutting down and abandoning module DeviceManager (480)
[2019.11.03-03.54.30:598][194]LogModuleManager: Shutting down and abandoning module TargetDeviceServices (479)
[2019.11.03-03.54.30:642][194]LogModuleManager: Shutting down and abandoning module AutomationController (476)
[2019.11.03-03.54.30:642][194]LogModuleManager: Shutting down and abandoning module AutomationWindow (474)
[2019.11.03-03.54.30:642][194]LogModuleManager: Shutting down and abandoning module Layers (472)
[2019.11.03-03.54.30:642][194]LogModuleManager: Shutting down and abandoning module ComponentVisualizers (470)
[2019.11.03-03.54.30:642][194]LogModuleManager: Shutting down and abandoning module DetailCustomizations (468)
[2019.11.03-03.54.30:642][194]LogModuleManager: Shutting down and abandoning module PackagesDialog (466)
[2019.11.03-03.54.30:642][194]LogModuleManager: Shutting down and abandoning module AnimationBlueprintEditor (464)
[2019.11.03-03.54.30:642][194]LogModuleManager: Shutting down and abandoning module Persona (462)
[2019.11.03-03.54.30:642][194]LogModuleManager: Shutting down and abandoning module AdvancedPreviewScene (461)
[2019.11.03-03.54.30:642][194]LogModuleManager: Shutting down and abandoning module AnimGraph (459)
[2019.11.03-03.54.30:642][194]LogModuleManager: Shutting down and abandoning module Kismet (456)
[2019.11.03-03.54.30:651][194]LogModuleManager: Shutting down and abandoning module GraphEditor (454)
[2019.11.03-03.54.30:651][194]LogModuleManager: Shutting down and abandoning module ClassViewer (452)
[2019.11.03-03.54.30:651][194]LogModuleManager: Shutting down and abandoning module Toolbox (450)
[2019.11.03-03.54.30:651][194]LogModuleManager: Shutting down and abandoning module ModuleUI (448)
[2019.11.03-03.54.30:651][194]LogModuleManager: Shutting down and abandoning module MovieSceneTools (446)
[2019.11.03-03.54.30:651][194]LogModuleManager: Shutting down and abandoning module OutputLog (444)
[2019.11.03-03.54.30:651][194]LogModuleManager: Shutting down and abandoning module GammaUI (442)
[2019.11.03-03.54.30:651][194]LogModuleManager: Shutting down and abandoning module Documentation (440)
[2019.11.03-03.54.30:651][194]LogModuleManager: Shutting down and abandoning module LiveCoding (438)
[2019.11.03-03.54.30:651][194]LogModuleManager: Shutting down and abandoning module LevelSequence (436)
[2019.11.03-03.54.30:651][194]LogModuleManager: Shutting down and abandoning module MovieSceneTracks (434)
[2019.11.03-03.54.30:651][194]LogModuleManager: Shutting down and abandoning module MovieScene (432)
[2019.11.03-03.54.30:651][194]LogModuleManager: Shutting down and abandoning module StreamingPauseRendering (430)
[2019.11.03-03.54.30:651][194]LogModuleManager: Shutting down and abandoning module LauncherPlatform (428)
[2019.11.03-03.54.30:651][194]LogModuleManager: Shutting down and abandoning module AnalyticsET (426)
[2019.11.03-03.54.30:651][194]LogModuleManager: Shutting down and abandoning module PortalServices (424)
[2019.11.03-03.54.30:651][194]LogModuleManager: Shutting down and abandoning module PortalRpc (422)
[2019.11.03-03.54.30:651][194]LogModuleManager: Shutting down and abandoning module MessagingRpc (420)
[2019.11.03-03.54.30:651][194]LogModuleManager: Shutting down and abandoning module AIModule (418)
[2019.11.03-03.54.30:651][194]LogModuleManager: Shutting down and abandoning module GameplayDebugger (417)
[2019.11.03-03.54.30:651][194]LogModuleManager: Shutting down and abandoning module AITestSuite (415)
[2019.11.03-03.54.30:651][194]LogModuleManager: Shutting down and abandoning module NavigationSystem (413)
[2019.11.03-03.54.30:651][194]LogModuleManager: Shutting down and abandoning module DesktopPlatform (410)
[2019.11.03-03.54.30:651][194]LogModuleManager: Shutting down and abandoning module ImageWriteQueue (408)
[2019.11.03-03.54.30:654][194]LogModuleManager: Shutting down and abandoning module ProfilerService (406)
[2019.11.03-03.54.30:704][194]LogModuleManager: Shutting down and abandoning module TaskGraph (404)
[2019.11.03-03.54.30:704][194]LogModuleManager: Shutting down and abandoning module SteamVRController (402)
[2019.11.03-03.54.30:704][194]LogModuleManager: Shutting down and abandoning module ProceduralMeshComponentEditor (400)
[2019.11.03-03.54.30:704][194]LogModuleManager: Shutting down and abandoning module ProceduralMeshComponent (398)
[2019.11.03-03.54.30:704][194]LogModuleManager: Shutting down and abandoning module OculusEditor (396)
[2019.11.03-03.54.30:704][194]LogModuleManager: Shutting down and abandoning module OculusInput (394)
[2019.11.03-03.54.30:704][194]LogModuleManager: Shutting down and abandoning module MobilePatchingUtils (392)
[2019.11.03-03.54.30:704][194]LogModuleManager: Shutting down and abandoning module EditableMesh (390)
[2019.11.03-03.54.30:704][194]LogModuleManager: Shutting down and abandoning module CustomMeshComponent (388)
[2019.11.03-03.54.30:704][194]LogModuleManager: Shutting down and abandoning module CableComponent (386)
[2019.11.03-03.54.30:704][194]LogModuleManager: Shutting down and abandoning module AudioCapture (384)
[2019.11.03-03.54.30:704][194]LogModuleManager: Shutting down and abandoning module ArchVisCharacter (382)
[2019.11.03-03.54.30:704][194]LogModuleManager: Shutting down and abandoning module AndroidPermission (380)
[2019.11.03-03.54.30:704][194]LogModuleManager: Shutting down and abandoning module NUTUnrealEngine4 (378)
[2019.11.03-03.54.30:704][194]LogModuleManager: Shutting down and abandoning module NetcodeUnitTest (376)
[2019.11.03-03.54.30:704][194]LogModuleManager: Shutting down and abandoning module MediaCompositing (374)
[2019.11.03-03.54.30:705][194]LogModuleManager: Shutting down and abandoning module LinearTimecode (372)
[2019.11.03-03.54.30:705][194]LogModuleManager: Shutting down and abandoning module ImgMedia (370)
[2019.11.03-03.54.30:705][194]LogModuleManager: Shutting down and abandoning module MagicLeapHelperVulkan (368)
[2019.11.03-03.54.30:705][194]LogModuleManager: Shutting down and abandoning module MagicLeapHelperOpenGL (366)
[2019.11.03-03.54.30:705][194]LogModuleManager: Shutting down and abandoning module MagicLeapAudio (364)
[2019.11.03-03.54.30:705][194]LogModuleManager: Shutting down and abandoning module HTML5Networking (362)
[2019.11.03-03.54.30:705][194]LogModuleManager: Shutting down and abandoning module GeometryCacheTracks (360)
[2019.11.03-03.54.30:705][194]LogModuleManager: Shutting down and abandoning module GeometryCacheSequencer (358)
[2019.11.03-03.54.30:705][194]LogModuleManager: Shutting down and abandoning module BackChannel (356)
[2019.11.03-03.54.30:705][194]LogModuleManager: Shutting down and abandoning module AppleVision (354)
[2019.11.03-03.54.30:705][194]LogModuleManager: Shutting down and abandoning module AppleImageUtilsBlueprintSupport (352)
[2019.11.03-03.54.30:705][194]LogModuleManager: Shutting down and abandoning module AppleImageUtils (350)
[2019.11.03-03.54.30:705][194]LogModuleManager: Shutting down and abandoning module AlembicImporter (348)
[2019.11.03-03.54.30:705][194]LogModuleManager: Shutting down and abandoning module AlembicLibrary (347)
[2019.11.03-03.54.30:705][194]LogModuleManager: Shutting down and abandoning module GeometryCache (346)
[2019.11.03-03.54.30:705][194]LogModuleManager: Shutting down and abandoning module GeometryCacheEd (345)
[2019.11.03-03.54.30:705][194]LogModuleManager: Shutting down and abandoning module VariantManagerContent (340)
[2019.11.03-03.54.30:705][194]LogModuleManager: Shutting down and abandoning module DatasmithContentEditor (338)
[2019.11.03-03.54.30:705][194]LogModuleManager: Shutting down and abandoning module SpeedTreeImporter (336)
[2019.11.03-03.54.30:705][194]LogModuleManager: Shutting down and abandoning module PluginBrowser (334)
[2019.11.03-03.54.30:705][194]LogModuleManager: Shutting down and abandoning module MobileLauncherProfileWizard (332)
[2019.11.03-03.54.30:705][194]LogModuleManager: Shutting down and abandoning module MaterialAnalyzer (330)
[2019.11.03-03.54.30:705][194]LogModuleManager: Shutting down and abandoning module CryptoKeysOpenSSL (328)
[2019.11.03-03.54.30:705][194]LogModuleManager: Shutting down and abandoning module CryptoKeys (326)
[2019.11.03-03.54.30:705][194]LogModuleManager: Shutting down and abandoning module VisualStudioSourceCodeAccess (324)
[2019.11.03-03.54.30:705][194]LogModuleManager: Shutting down and abandoning module VisualStudioCodeSourceCodeAccess (322)
[2019.11.03-03.54.30:705][194]LogModuleManager: Shutting down and abandoning module UObjectPlugin (320)
[2019.11.03-03.54.30:705][194]LogModuleManager: Shutting down and abandoning module SubversionSourceControl (318)
[2019.11.03-03.54.30:705][194]LogModuleManager: Shutting down and abandoning module PerforceSourceControl (316)
[2019.11.03-03.54.30:705][194]LogModuleManager: Shutting down and abandoning module GitSourceControl (314)
[2019.11.03-03.54.30:705][194]LogModuleManager: Shutting down and abandoning module SourceControl (313)
[2019.11.03-03.54.30:705][194]LogModuleManager: Shutting down and abandoning module CLionSourceCodeAccess (310)
[2019.11.03-03.54.30:705][194]LogModuleManager: Shutting down and abandoning module AnimationSharingEd (308)
[2019.11.03-03.54.30:705][194]LogModuleManager: Shutting down and abandoning module ActorLayerUtilitiesEditor (306)
[2019.11.03-03.54.30:705][194]LogModuleManager: Shutting down and abandoning module ActorLayerUtilities (304)
[2019.11.03-03.54.30:705][194]LogModuleManager: Shutting down and abandoning module LightPropagationVolumeEditor (302)
[2019.11.03-03.54.30:705][194]LogModuleManager: Shutting down and abandoning module PaperTiledImporter (300)
[2019.11.03-03.54.30:705][194]LogModuleManager: Shutting down and abandoning module PaperSpriteSheetImporter (298)
[2019.11.03-03.54.30:705][194]LogModuleManager: Shutting down and abandoning module Paper2DEditor (296)
[2019.11.03-03.54.30:705][194]LogModuleManager: Shutting down and abandoning module SignificanceManager (294)
[2019.11.03-03.54.30:705][194]LogModuleManager: Shutting down and abandoning module RuntimePhysXCooking (292)
[2019.11.03-03.54.30:705][194]LogModuleManager: Shutting down and abandoning module PhysXVehiclesEditor (290)
[2019.11.03-03.54.30:705][194]LogModuleManager: Shutting down and abandoning module PhysXVehicles (288)
[2019.11.03-03.54.30:705][194]LogModuleManager: Shutting down and abandoning module LocationServicesBPLibrary (286)
[2019.11.03-03.54.30:705][194]LogModuleManager: Shutting down and abandoning module ActorSequence (284)
[2019.11.03-03.54.30:705][194]LogModuleManager: Shutting down and abandoning module UdpMessaging (282)
[2019.11.03-03.54.30:807][194]LogModuleManager: Shutting down and abandoning module TcpMessaging (280)
[2019.11.03-03.54.30:913][194]LogModuleManager: Shutting down and abandoning module MagicLeapIdentity (278)
[2019.11.03-03.54.30:913][194]LogModuleManager: Shutting down and abandoning module MagicLeapSecureStorage (276)
[2019.11.03-03.54.30:913][194]LogModuleManager: Shutting down and abandoning module MagicLeapHandTracking (274)
[2019.11.03-03.54.30:914][194]LogModuleManager: Shutting down and abandoning module MagicLeapEyeTracker (272)
[2019.11.03-03.54.30:914][194]LogModuleManager: Shutting down and abandoning module MagicLeapController (270)
[2019.11.03-03.54.30:914][194]LogSlate: Slate User Destroyed.  User Index 0, Is Virtual User: 0
[2019.11.03-03.54.30:914][194]LogModuleManager: Shutting down and abandoning module MagicLeapAR (268)
[2019.11.03-03.54.30:914][194]LogModuleManager: Shutting down and abandoning module AugmentedReality (267)
[2019.11.03-03.54.30:914][194]LogModuleManager: Shutting down and abandoning module GameplayTagsEditor (264)
[2019.11.03-03.54.30:914][194]LogModuleManager: Shutting down and abandoning module FacialAnimationEditor (262)
[2019.11.03-03.54.30:914][194]LogModuleManager: Shutting down and abandoning module FacialAnimation (260)
[2019.11.03-03.54.30:914][194]LogModuleManager: Shutting down and abandoning module DataValidation (258)
[2019.11.03-03.54.30:914][194]LogModuleManager: Shutting down and abandoning module AssetManagerEditor (256)
[2019.11.03-03.54.30:914][194]LogModuleManager: Shutting down and abandoning module LevelEditor (255)
[2019.11.03-03.54.30:914][194]LogModuleManager: Shutting down and abandoning module PixelInspectorModule (254)
[2019.11.03-03.54.30:914][194]LogModuleManager: Shutting down and abandoning module CommonMenuExtensions (252)
[2019.11.03-03.54.30:914][194]LogModuleManager: Shutting down and abandoning module MainFrame (250)
[2019.11.03-03.54.30:914][194]LogModuleManager: Shutting down and abandoning module HotReload (249)
[2019.11.03-03.54.30:915][194]LogModuleManager: Shutting down and abandoning module ContentBrowser (245)
[2019.11.03-03.54.30:915][194]LogModuleManager: Shutting down and abandoning module TreeMap (243)
[2019.11.03-03.54.30:915][194]LogModuleManager: Shutting down and abandoning module AnimationSharing (240)
[2019.11.03-03.54.30:915][194]LogModuleManager: Shutting down and abandoning module LightPropagationVolumeRuntime (238)
[2019.11.03-03.54.30:915][194]LogModuleManager: Shutting down and abandoning module AISupportModule (236)
[2019.11.03-03.54.30:915][194]LogModuleManager: Shutting down and abandoning module Paper2D (234)
[2019.11.03-03.54.30:915][194]LogModuleManager: Shutting down and abandoning module WindowsMoviePlayer (232)
[2019.11.03-03.54.30:916][194]LogModuleManager: Shutting down and abandoning module WebMMoviePlayer (230)
[2019.11.03-03.54.30:916][194]LogModuleManager: Shutting down and abandoning module PacketHandler (228)
[2019.11.03-03.54.30:916][194]LogModuleManager: Shutting down and abandoning module ClothingSystemEditor (226)
[2019.11.03-03.54.30:916][194]LogModuleManager: Shutting down and abandoning module ClothingSystemRuntime (224)
[2019.11.03-03.54.30:916][194]LogModuleManager: Shutting down and abandoning module MediaAssets (222)
[2019.11.03-03.54.30:916][194]LogModuleManager: Shutting down and abandoning module Overlay (220)
[2019.11.03-03.54.30:916][194]LogModuleManager: Shutting down and abandoning module OverlayEditor (219)
[2019.11.03-03.54.30:916][194]LogModuleManager: Shutting down and abandoning module VREditor (216)
[2019.11.03-03.54.30:916][194]LogModuleManager: Shutting down and abandoning module StringTableEditor (214)
[2019.11.03-03.54.30:916][194]LogModuleManager: Shutting down and abandoning module GameplayTasksEditor (212)
[2019.11.03-03.54.30:916][194]LogModuleManager: Shutting down and abandoning module BehaviorTreeEditor (210)
[2019.11.03-03.54.30:916][194]LogModuleManager: Shutting down and abandoning module FunctionalTesting (208)
[2019.11.03-03.54.30:916][194]LogModuleManager: Shutting down and abandoning module CollisionAnalyzer (206)
[2019.11.03-03.54.30:916][194]LogModuleManager: Shutting down and abandoning module WorkspaceMenuStructure (205)
[2019.11.03-03.54.30:916][194]LogModuleManager: Shutting down and abandoning module UMG (202)
[2019.11.03-03.54.30:916][194]LogModuleManager: Shutting down and abandoning module UMGEditor (201)
[2019.11.03-03.54.30:916][194]LogModuleManager: Shutting down and abandoning module Sequencer (200)
[2019.11.03-03.54.30:916][194]LogModuleManager: Shutting down and abandoning module MessageLog (197)
[2019.11.03-03.54.30:916][194]LogModuleManager: Shutting down and abandoning module SlateReflector (192)
[2019.11.03-03.54.30:916][194]LogModuleManager: Shutting down and abandoning module Slate (190)
[2019.11.03-03.54.30:916][194]LogModuleManager: Shutting down and abandoning module EditorStyle (188)
[2019.11.03-03.54.30:917][194]LogModuleManager: Shutting down and abandoning module UnrealEd (186)
[2019.11.03-03.54.30:917][194]LogModuleManager: Shutting down and abandoning module MRMesh (184)
[2019.11.03-03.54.30:917][194]LogModuleManager: Shutting down and abandoning module SourceCodeAccess (182)
[2019.11.03-03.54.30:917][194]LogModuleManager: Shutting down and abandoning module HeadMountedDisplay (180)
[2019.11.03-03.54.30:917][194]LogModuleManager: Shutting down and abandoning module XAudio2 (178)
[2019.11.03-03.54.30:917][194]LogModuleManager: Shutting down and abandoning module Networking (176)
[2019.11.03-03.54.30:917][194]LogModuleManager: Shutting down and abandoning module Core (174)
[2019.11.03-03.54.30:917][194]LogModuleManager: Shutting down and abandoning module KismetCompiler (172)
[2019.11.03-03.54.30:917][194]LogModuleManager: Shutting down and abandoning module MeshUtilities (170)
[2019.11.03-03.54.30:917][194]LogModuleManager: Shutting down and abandoning module MeshMergeUtilities (169)
[2019.11.03-03.54.30:917][194]LogModuleManager: Shutting down and abandoning module MeshReductionInterface (168)
[2019.11.03-03.54.30:917][194]LogModuleManager: Shutting down and abandoning module SkeletalMeshReduction (167)
[2019.11.03-03.54.30:917][194]LogModuleManager: Shutting down and abandoning module ProxyLODMeshReduction (165)
[2019.11.03-03.54.30:917][194]LogModuleManager: Shutting down and abandoning module QuadricMeshReduction (163)
[2019.11.03-03.54.30:917][194]LogModuleManager: Shutting down and abandoning module MaterialBaking (159)
[2019.11.03-03.54.30:917][194]LogModuleManager: Shutting down and abandoning module DerivedDataCache (154)
[2019.11.03-03.54.31:232][194]LogDerivedDataCache: Shutdown
[2019.11.03-03.54.31:232][194]LogModuleManager: Shutting down and abandoning module XGEController (152)
[2019.11.03-03.54.31:232][194]LogXGEController: Cleaning working directory: C:/Users/ASUS Z170-k/AppData/Local/Temp/UnrealXGEWorkingDir/
[2019.11.03-03.54.31:232][194]LogModuleManager: Shutting down and abandoning module TargetPlatform (150)
[2019.11.03-03.54.31:232][194]LogModuleManager: Shutting down and abandoning module VulkanShaderFormat (149)
[2019.11.03-03.54.31:232][194]LogModuleManager: Shutting down and abandoning module ShaderFormatVectorVM (147)
[2019.11.03-03.54.31:232][194]LogModuleManager: Shutting down and abandoning module ShaderFormatOpenGL (145)
[2019.11.03-03.54.31:232][194]LogModuleManager: Shutting down and abandoning module ShaderFormatD3D (143)
[2019.11.03-03.54.31:232][194]LogModuleManager: Shutting down and abandoning module MetalShaderFormat (141)
[2019.11.03-03.54.31:232][194]LogModuleManager: Shutting down and abandoning module TextureFormatUncompressed (139)
[2019.11.03-03.54.31:232][194]LogModuleManager: Shutting down and abandoning module TextureFormatPVR (137)
[2019.11.03-03.54.31:232][194]LogModuleManager: Shutting down and abandoning module TextureFormatDXT (135)
[2019.11.03-03.54.31:232][194]LogModuleManager: Shutting down and abandoning module TextureFormatIntelISPCTexComp (133)
[2019.11.03-03.54.31:232][194]LogModuleManager: Shutting down and abandoning module TextureFormatASTC (131)
[2019.11.03-03.54.31:232][194]LogModuleManager: Shutting down and abandoning module ImageWrapper (130)
[2019.11.03-03.54.31:232][194]LogModuleManager: Shutting down and abandoning module TextureFormatAndroid (127)
[2019.11.03-03.54.31:232][194]LogModuleManager: Shutting down and abandoning module AudioFormatOpus (125)
[2019.11.03-03.54.31:232][194]LogModuleManager: Shutting down and abandoning module AudioFormatOgg (123)
[2019.11.03-03.54.31:232][194]LogModuleManager: Shutting down and abandoning module AudioFormatADPCM (121)
[2019.11.03-03.54.31:232][194]LogModuleManager: Shutting down and abandoning module LuminTargetPlatform (119)
[2019.11.03-03.54.31:233][194]LogModuleManager: Shutting down and abandoning module LinuxTargetPlatform (117)
[2019.11.03-03.54.31:233][194]LogModuleManager: Shutting down and abandoning module LinuxServerTargetPlatform (115)
[2019.11.03-03.54.31:233][194]LogModuleManager: Shutting down and abandoning module LinuxNoEditorTargetPlatform (113)
[2019.11.03-03.54.31:233][194]LogModuleManager: Shutting down and abandoning module LinuxClientTargetPlatform (111)
[2019.11.03-03.54.31:233][194]LogModuleManager: Shutting down and abandoning module TVOSTargetPlatform (109)
[2019.11.03-03.54.31:233][194]LogModuleManager: Shutting down and abandoning module Messaging (107)
[2019.11.03-03.54.31:233][194]LogModuleManager: Shutting down and abandoning module IOSTargetPlatform (105)
[2019.11.03-03.54.31:234][194]LogModuleManager: Shutting down and abandoning module HTML5TargetPlatform (103)
[2019.11.03-03.54.31:234][194]LogModuleManager: Shutting down and abandoning module AndroidTargetPlatform (101)
[2019.11.03-03.54.31:238][194]LogModuleManager: Shutting down and abandoning module WindowsTargetPlatform (99)
[2019.11.03-03.54.31:238][194]LogModuleManager: Shutting down and abandoning module WindowsServerTargetPlatform (97)
[2019.11.03-03.54.31:238][194]LogModuleManager: Shutting down and abandoning module WindowsNoEditorTargetPlatform (95)
[2019.11.03-03.54.31:238][194]LogModuleManager: Shutting down and abandoning module WindowsClientTargetPlatform (93)
[2019.11.03-03.54.31:238][194]LogModuleManager: Shutting down and abandoning module MacTargetPlatform (91)
[2019.11.03-03.54.31:238][194]LogModuleManager: Shutting down and abandoning module MacServerTargetPlatform (89)
[2019.11.03-03.54.31:238][194]LogModuleManager: Shutting down and abandoning module MacNoEditorTargetPlatform (87)
[2019.11.03-03.54.31:238][194]LogModuleManager: Shutting down and abandoning module MacClientTargetPlatform (85)
[2019.11.03-03.54.31:238][194]LogModuleManager: Shutting down and abandoning module AllDesktopTargetPlatform (83)
[2019.11.03-03.54.31:238][194]LogModuleManager: Shutting down and abandoning module InputCore (80)
[2019.11.03-03.54.31:238][194]LogModuleManager: Shutting down and abandoning module Settings (78)
[2019.11.03-03.54.31:239][194]LogModuleManager: Shutting down and abandoning module DirectoryWatcher (76)
[2019.11.03-03.54.31:239][194]LogModuleManager: Shutting down and abandoning module PhysXCooking (74)
[2019.11.03-03.54.31:239][194]LogModuleManager: Shutting down and abandoning module SteamVR (72)
[2019.11.03-03.54.31:239][194]LogHMD: Freeing OpenVRDLLHandle.
[2019.11.03-03.54.31:239][194]LogModuleManager: Shutting down and abandoning module OculusHMD (70)
[2019.11.03-03.54.31:239][194]LogModuleManager: Shutting down and abandoning module ExampleDeviceProfileSelector (68)
[2019.11.03-03.54.31:239][194]LogModuleManager: Shutting down and abandoning module LauncherChunkInstaller (66)
[2019.11.03-03.54.31:239][194]LogModuleManager: Shutting down and abandoning module OnlineBlueprintSupport (64)
[2019.11.03-03.54.31:239][194]LogModuleManager: Shutting down and abandoning module OnlineSubsystem (60)
[2019.11.03-03.54.31:239][194]LogModuleManager: Shutting down and abandoning module XMPP (55)
[2019.11.03-03.54.31:239][194]LogModuleManager: Shutting down and abandoning module WebSockets (54)
[2019.11.03-03.54.31:256][194]LogModuleManager: Shutting down and abandoning module HTTP (51)
[2019.11.03-03.54.31:256][194]LogHttp: Display: Http module shutting down, but needs to wait on 1 outstanding Http requests:
[2019.11.03-03.54.31:256][194]LogHttp: Display: 	verb=[POST] url=[https://datarouter.ol.epicgames.com/datarouter/api/v1/public/data?SessionID=%7B28447CBB-435A-C881-9904-CE9BD4A269B0%7D&AppID=UEEditor.Rocket.Release&AppVersion=4.22.3-7053642%2B%2B%2BUE4%2BRelease-4.22&UserID=79ff237c4674507afe422db07e45d8ab%7Cb6b0a3a7191a4384906c197d8122a421%7C913a02ed-703d-47d0-9455-a45e8027c450&AppEnvironment=datacollector-binary&UploadType=eteventstream] status=Processing
[2019.11.03-03.54.31:283][194]LogModuleManager: Shutting down and abandoning module SSL (50)
[2019.11.03-03.54.31:284][194]LogModuleManager: Shutting down and abandoning module WmfMedia (46)
[2019.11.03-03.54.31:285][194]LogModuleManager: Shutting down and abandoning module Media (45)
[2019.11.03-03.54.31:291][194]LogModuleManager: Shutting down and abandoning module MagicLeap (42)
[2019.11.03-03.54.31:291][194]LogModuleManager: Shutting down and abandoning module DatasmithContent (40)
[2019.11.03-03.54.31:291][194]LogModuleManager: Shutting down and abandoning module AnimationModifiers (38)
[2019.11.03-03.54.31:291][194]LogModuleManager: Shutting down and abandoning module PropertyEditor (37)
[2019.11.03-03.54.31:291][194]LogModuleManager: Shutting down and abandoning module AudioEditor (34)
[2019.11.03-03.54.31:292][194]LogModuleManager: Shutting down and abandoning module TextureCompressor (32)
[2019.11.03-03.54.31:292][194]LogModuleManager: Shutting down and abandoning module RenderCore (30)
[2019.11.03-03.54.31:292][194]LogModuleManager: Shutting down and abandoning module Landscape (28)
[2019.11.03-03.54.31:292][194]LogModuleManager: Shutting down and abandoning module SlateRHIRenderer (26)
[2019.11.03-03.54.31:292][194]LogModuleManager: Shutting down and abandoning module OpenGLDrv (24)
[2019.11.03-03.54.31:292][194]LogModuleManager: Shutting down and abandoning module D3D11RHI (22)
[2019.11.03-03.54.31:292][194]LogModuleManager: Shutting down and abandoning module AnimGraphRuntime (20)
[2019.11.03-03.54.31:292][194]LogModuleManager: Shutting down and abandoning module Renderer (18)
[2019.11.03-03.54.31:292][194]LogModuleManager: Shutting down and abandoning module Engine (16)
[2019.11.03-03.54.31:292][194]LogModuleManager: Shutting down and abandoning module CoreUObject (14)
[2019.11.03-03.54.31:292][194]LogModuleManager: Shutting down and abandoning module NetworkFile (12)
[2019.11.03-03.54.31:292][194]LogModuleManager: Shutting down and abandoning module CookedIterativeFile (10)
[2019.11.03-03.54.31:292][194]LogModuleManager: Shutting down and abandoning module StreamingFile (8)
[2019.11.03-03.54.31:292][194]LogModuleManager: Shutting down and abandoning module SandboxFile (6)
[2019.11.03-03.54.31:292][194]LogModuleManager: Shutting down and abandoning module PakFile (4)
[2019.11.03-03.54.31:292][194]LogModuleManager: Shutting down and abandoning module RSA (3)
[2019.11.03-03.54.31:298][194]LogExit: Exiting.
[2019.11.03-03.54.31:310][194]Log file closed, 11/03/19 14:54:31
